TN:
SF:background\abp-parser.js
FN:43,parseAbpFilter
FN:83,(anonymous_1)
FN:108,parseOptions
FN:115,(anonymous_3)
FN:121,(anonymous_4)
FN:135,(anonymous_5)
FN:222,(anonymous_6)
FN:222,(anonymous_7)
FN:240,convertToUrlFilter
FN:303,createDnrRule
FN:316,(anonymous_10)
FN:320,(anonymous_11)
FN:322,(anonymous_12)
FN:325,(anonymous_13)
FN:386,(anonymous_14)
FN:421,parseFilterList
FN:453,validateDnrRule
FN:463,filterValidRules
FNF:18
FNH:0
FNDA:0,parseAbpFilter
FNDA:0,(anonymous_1)
FNDA:0,parseOptions
FNDA:0,(anonymous_3)
FNDA:0,(anonymous_4)
FNDA:0,(anonymous_5)
FNDA:0,(anonymous_6)
FNDA:0,(anonymous_7)
FNDA:0,convertToUrlFilter
FNDA:0,createDnrRule
FNDA:0,(anonymous_10)
FNDA:0,(anonymous_11)
FNDA:0,(anonymous_12)
FNDA:0,(anonymous_13)
FNDA:0,(anonymous_14)
FNDA:0,parseFilterList
FNDA:0,validateDnrRule
FNDA:0,filterValidRules
DA:5,0
DA:12,0
DA:36,0
DA:44,0
DA:46,0
DA:47,0
DA:48,0
DA:65,0
DA:66,0
DA:67,0
DA:71,0
DA:72,0
DA:73,0
DA:74,0
DA:78,0
DA:79,0
DA:80,0
DA:81,0
DA:82,0
DA:83,0
DA:84,0
DA:85,0
DA:86,0
DA:87,0
DA:89,0
DA:93,0
DA:95,0
DA:99,0
DA:109,0
DA:111,0
DA:112,0
DA:113,0
DA:115,0
DA:117,0
DA:120,0
DA:121,0
DA:122,0
DA:123,0
DA:124,0
DA:125,0
DA:127,0
DA:132,0
DA:134,0
DA:135,0
DA:136,0
DA:137,0
DA:140,0
DA:162,0
DA:163,0
DA:165,0
DA:166,0
DA:185,0
DA:186,0
DA:190,0
DA:191,0
DA:192,0
DA:194,0
DA:195,0
DA:196,0
DA:200,0
DA:201,0
DA:205,0
DA:206,0
DA:208,0
DA:209,0
DA:213,0
DA:214,0
DA:216,0
DA:217,0
DA:221,0
DA:222,0
DA:224,0
DA:228,0
DA:229,0
DA:233,0
DA:234,0
DA:241,0
DA:244,0
DA:246,0
DA:249,0
DA:250,0
DA:254,0
DA:255,0
DA:258,0
DA:259,0
DA:260,0
DA:264,0
DA:275,0
DA:282,0
DA:283,0
DA:284,0
DA:286,0
DA:291,0
DA:292,0
DA:296,0
DA:297,0
DA:300,0
DA:304,0
DA:306,0
DA:309,0
DA:310,0
DA:314,0
DA:315,0
DA:316,0
DA:318,0
DA:319,0
DA:320,0
DA:322,0
DA:325,0
DA:329,0
DA:332,0
DA:335,0
DA:336,0
DA:339,0
DA:340,0
DA:341,0
DA:343,0
DA:346,0
DA:347,0
DA:350,0
DA:351,0
DA:352,0
DA:354,0
DA:357,0
DA:358,0
DA:359,0
DA:361,0
DA:362,0
DA:367,0
DA:368,0
DA:369,0
DA:370,0
DA:374,0
DA:375,0
DA:379,0
DA:383,0
DA:386,0
DA:389,0
DA:390,0
DA:400,0
DA:402,0
DA:404,0
DA:408,0
DA:409,0
DA:410,0
DA:411,0
DA:413,0
DA:422,0
DA:423,0
DA:424,0
DA:425,0
DA:426,0
DA:428,0
DA:429,0
DA:431,0
DA:432,0
DA:434,0
DA:435,0
DA:436,0
DA:437,0
DA:438,0
DA:439,0
DA:440,0
DA:444,0
DA:445,0
DA:450,0
DA:454,0
DA:455,0
DA:456,0
DA:457,0
DA:458,0
DA:459,0
DA:460,0
DA:464,0
LF:174
LH:0
BRDA:44,0,0,0
BRDA:44,0,1,0
BRDA:44,1,0,0
BRDA:44,1,1,0
BRDA:65,2,0,0
BRDA:65,2,1,0
BRDA:72,3,0,0
BRDA:72,3,1,0
BRDA:79,4,0,0
BRDA:79,4,1,0
BRDA:81,5,0,0
BRDA:81,5,1,0
BRDA:85,6,0,0
BRDA:85,6,1,0
BRDA:86,7,0,0
BRDA:86,7,1,0
BRDA:95,8,0,0
BRDA:95,8,1,0
BRDA:113,9,0,0
BRDA:113,9,1,0
BRDA:117,10,0,0
BRDA:117,10,1,0
BRDA:117,10,2,0
BRDA:117,10,3,0
BRDA:117,10,4,0
BRDA:117,10,5,0
BRDA:117,10,6,0
BRDA:117,10,7,0
BRDA:117,10,8,0
BRDA:117,10,9,0
BRDA:117,10,10,0
BRDA:117,10,11,0
BRDA:117,10,12,0
BRDA:117,10,13,0
BRDA:117,10,14,0
BRDA:117,10,15,0
BRDA:117,10,16,0
BRDA:117,10,17,0
BRDA:117,10,18,0
BRDA:117,10,19,0
BRDA:117,10,20,0
BRDA:117,10,21,0
BRDA:117,10,22,0
BRDA:117,10,23,0
BRDA:117,10,24,0
BRDA:117,10,25,0
BRDA:117,10,26,0
BRDA:117,10,27,0
BRDA:117,10,28,0
BRDA:117,10,29,0
BRDA:117,10,30,0
BRDA:117,10,31,0
BRDA:117,10,32,0
BRDA:117,10,33,0
BRDA:117,10,34,0
BRDA:117,10,35,0
BRDA:117,10,36,0
BRDA:117,10,37,0
BRDA:117,10,38,0
BRDA:117,10,39,0
BRDA:117,10,40,0
BRDA:117,10,41,0
BRDA:117,10,42,0
BRDA:117,10,43,0
BRDA:117,10,44,0
BRDA:117,10,45,0
BRDA:117,10,46,0
BRDA:117,10,47,0
BRDA:120,11,0,0
BRDA:120,11,1,0
BRDA:123,12,0,0
BRDA:123,12,1,0
BRDA:124,13,0,0
BRDA:124,13,1,0
BRDA:134,14,0,0
BRDA:134,14,1,0
BRDA:137,15,0,0
BRDA:137,15,1,0
BRDA:213,16,0,0
BRDA:213,16,1,0
BRDA:216,17,0,0
BRDA:216,17,1,0
BRDA:221,18,0,0
BRDA:221,18,1,0
BRDA:228,19,0,0
BRDA:228,19,1,0
BRDA:233,20,0,0
BRDA:233,20,1,0
BRDA:240,21,0,0
BRDA:241,22,0,0
BRDA:241,22,1,0
BRDA:244,23,0,0
BRDA:244,23,1,0
BRDA:249,24,0,0
BRDA:249,24,1,0
BRDA:249,25,0,0
BRDA:249,25,1,0
BRDA:258,26,0,0
BRDA:258,26,1,0
BRDA:258,27,0,0
BRDA:258,27,1,0
BRDA:264,28,0,0
BRDA:264,28,1,0
BRDA:264,29,0,0
BRDA:264,29,1,0
BRDA:275,30,0,0
BRDA:275,30,1,0
BRDA:275,31,0,0
BRDA:275,31,1,0
BRDA:282,32,0,0
BRDA:282,32,1,0
BRDA:282,33,0,0
BRDA:282,33,1,0
BRDA:282,33,2,0
BRDA:283,34,0,0
BRDA:283,34,1,0
BRDA:291,35,0,0
BRDA:291,35,1,0
BRDA:291,36,0,0
BRDA:291,36,1,0
BRDA:291,36,2,0
BRDA:296,37,0,0
BRDA:296,37,1,0
BRDA:296,38,0,0
BRDA:296,38,1,0
BRDA:296,38,2,0
BRDA:303,39,0,0
BRDA:303,40,0,0
BRDA:304,41,0,0
BRDA:304,41,1,0
BRDA:309,42,0,0
BRDA:309,42,1,0
BRDA:310,43,0,0
BRDA:310,43,1,0
BRDA:314,44,0,0
BRDA:314,44,1,0
BRDA:318,45,0,0
BRDA:318,45,1,0
BRDA:335,46,0,0
BRDA:335,46,1,0
BRDA:339,47,0,0
BRDA:339,47,1,0
BRDA:340,48,0,0
BRDA:340,48,1,0
BRDA:346,49,0,0
BRDA:346,49,1,0
BRDA:350,50,0,0
BRDA:350,50,1,0
BRDA:351,51,0,0
BRDA:351,51,1,0
BRDA:357,52,0,0
BRDA:357,52,1,0
BRDA:357,53,0,0
BRDA:357,53,1,0
BRDA:359,54,0,0
BRDA:359,54,1,0
BRDA:359,55,0,0
BRDA:359,55,1,0
BRDA:361,56,0,0
BRDA:361,56,1,0
BRDA:367,57,0,0
BRDA:367,57,1,0
BRDA:369,58,0,0
BRDA:369,58,1,0
BRDA:374,59,0,0
BRDA:374,59,1,0
BRDA:379,60,0,0
BRDA:379,60,1,0
BRDA:389,61,0,0
BRDA:389,61,1,0
BRDA:400,62,0,0
BRDA:400,62,1,0
BRDA:409,63,0,0
BRDA:409,63,1,0
BRDA:410,64,0,0
BRDA:410,64,1,0
BRDA:411,65,0,0
BRDA:411,65,1,0
BRDA:421,66,0,0
BRDA:424,67,0,0
BRDA:424,67,1,0
BRDA:426,68,0,0
BRDA:426,68,1,0
BRDA:431,69,0,0
BRDA:431,69,1,0
BRDA:431,70,0,0
BRDA:431,70,1,0
BRDA:431,70,2,0
BRDA:432,71,0,0
BRDA:432,71,1,0
BRDA:432,72,0,0
BRDA:432,72,1,0
BRDA:432,72,2,0
BRDA:436,73,0,0
BRDA:436,73,1,0
BRDA:438,74,0,0
BRDA:438,74,1,0
BRDA:444,75,0,0
BRDA:444,75,1,0
BRDA:454,76,0,0
BRDA:454,76,1,0
BRDA:454,77,0,0
BRDA:454,77,1,0
BRDA:455,78,0,0
BRDA:455,78,1,0
BRDA:455,79,0,0
BRDA:455,79,1,0
BRDA:456,80,0,0
BRDA:456,80,1,0
BRDA:456,81,0,0
BRDA:456,81,1,0
BRDA:457,82,0,0
BRDA:457,82,1,0
BRDA:457,83,0,0
BRDA:457,83,1,0
BRDA:458,84,0,0
BRDA:458,84,1,0
BRDA:458,85,0,0
BRDA:458,85,1,0
BRDA:459,86,0,0
BRDA:459,86,1,0
BRF:221
BRH:0
end_of_record
TN:
SF:background\cname-uncloaker.js
FN:43,deployCnameRules
FN:47,(anonymous_1)
FN:68,(anonymous_2)
FN:69,(anonymous_3)
FNF:4
FNH:0
FNDA:0,deployCnameRules
FNDA:0,(anonymous_1)
FNDA:0,(anonymous_2)
FNDA:0,(anonymous_3)
DA:4,0
DA:44,0
DA:47,0
DA:49,0
DA:51,0
DA:66,0
DA:67,0
DA:68,0
DA:69,0
DA:71,0
DA:76,0
LF:11
LH:0
BRDA:68,0,0,0
BRDA:68,0,1,0
BRF:2
BRH:0
end_of_record
TN:
SF:background\dnr-compiler.js
FN:12,deployQueryStripperRules
FN:39,deployUltraDnrEngine
FN:58,deployYouTubeRules
FNF:3
FNH:0
FNDA:0,deployQueryStripperRules
FNDA:0,deployUltraDnrEngine
FNDA:0,deployYouTubeRules
DA:5,0
DA:13,0
DA:32,0
DA:36,0
DA:40,0
DA:41,0
DA:43,0
DA:46,0
DA:47,0
DA:48,0
DA:49,0
DA:50,0
DA:51,0
DA:54,0
DA:59,0
DA:61,0
DA:62,0
DA:64,0
DA:112,0
DA:113,0
DA:126,0
DA:137,0
DA:138,0
DA:139,0
DA:151,0
LF:25
LH:0
BRF:0
BRH:0
end_of_record
TN:
SF:background\dns-uncloaker.js
FN:11,(anonymous_0)
FN:28,(anonymous_1)
FNF:2
FNH:0
FNDA:0,(anonymous_0)
FNDA:0,(anonymous_1)
DA:8,0
DA:9,0
DA:11,0
DA:12,0
DA:14,0
DA:15,0
DA:16,0
DA:19,0
DA:22,0
DA:24,0
DA:25,0
DA:28,0
DA:30,0
DA:31,0
DA:34,0
DA:46,0
LF:16
LH:0
BRDA:8,0,0,0
BRDA:8,0,1,0
BRDA:8,1,0,0
BRDA:8,1,1,0
BRDA:12,2,0,0
BRDA:12,2,1,0
BRDA:19,3,0,0
BRDA:19,3,1,0
BRDA:24,4,0,0
BRDA:24,4,1,0
BRDA:24,5,0,0
BRDA:24,5,1,0
BRDA:24,5,2,0
BRDA:30,6,0,0
BRDA:30,6,1,0
BRF:15
BRH:0
end_of_record
TN:
SF:background\error-kernel.js
FN:12,(anonymous_0)
FN:18,(anonymous_1)
FN:19,(anonymous_2)
FN:21,(anonymous_3)
FN:27,(anonymous_4)
FN:33,(anonymous_5)
FN:38,(anonymous_6)
FN:43,(anonymous_7)
FN:53,(anonymous_8)
FN:69,(anonymous_9)
FN:78,(anonymous_10)
FN:139,(anonymous_11)
FN:160,(anonymous_12)
FN:163,(anonymous_13)
FN:164,(anonymous_14)
FN:172,(anonymous_15)
FN:173,(anonymous_16)
FN:179,(anonymous_17)
FN:200,(anonymous_18)
FN:214,(anonymous_19)
FN:231,(anonymous_20)
FN:240,(anonymous_21)
FN:247,(anonymous_22)
FN:254,(anonymous_23)
FN:256,(anonymous_24)
FN:259,(anonymous_25)
FN:268,(anonymous_26)
FN:296,wrapStorage
FN:301,(anonymous_28)
FN:309,wrapMessaging
FN:321,wrapNetwork
FN:333,wrapDNR
FN:345,wrapScriptInjection
FN:351,(anonymous_33)
FNF:34
FNH:0
FNDA:0,(anonymous_0)
FNDA:0,(anonymous_1)
FNDA:0,(anonymous_2)
FNDA:0,(anonymous_3)
FNDA:0,(anonymous_4)
FNDA:0,(anonymous_5)
FNDA:0,(anonymous_6)
FNDA:0,(anonymous_7)
FNDA:0,(anonymous_8)
FNDA:0,(anonymous_9)
FNDA:0,(anonymous_10)
FNDA:0,(anonymous_11)
FNDA:0,(anonymous_12)
FNDA:0,(anonymous_13)
FNDA:0,(anonymous_14)
FNDA:0,(anonymous_15)
FNDA:0,(anonymous_16)
FNDA:0,(anonymous_17)
FNDA:0,(anonymous_18)
FNDA:0,(anonymous_19)
FNDA:0,(anonymous_20)
FNDA:0,(anonymous_21)
FNDA:0,(anonymous_22)
FNDA:0,(anonymous_23)
FNDA:0,(anonymous_24)
FNDA:0,(anonymous_25)
FNDA:0,(anonymous_26)
FNDA:0,wrapStorage
FNDA:0,(anonymous_28)
FNDA:0,wrapMessaging
FNDA:0,wrapNetwork
FNDA:0,wrapDNR
FNDA:0,wrapScriptInjection
FNDA:0,(anonymous_33)
DA:13,0
DA:14,0
DA:15,0
DA:18,0
DA:19,0
DA:22,0
DA:23,0
DA:24,0
DA:28,0
DA:29,0
DA:30,0
DA:34,0
DA:35,0
DA:39,0
DA:40,0
DA:44,0
DA:54,0
DA:55,0
DA:56,0
DA:57,0
DA:58,0
DA:59,0
DA:78,0
DA:79,0
DA:81,0
DA:82,0
DA:83,0
DA:86,0
DA:87,0
DA:88,0
DA:91,0
DA:92,0
DA:94,0
DA:95,0
DA:97,0
DA:100,0
DA:101,0
DA:102,0
DA:104,0
DA:105,0
DA:108,0
DA:110,0
DA:111,0
DA:113,0
DA:114,0
DA:115,0
DA:118,0
DA:119,0
DA:120,0
DA:122,0
DA:127,0
DA:129,0
DA:130,0
DA:133,0
DA:140,0
DA:141,0
DA:142,0
DA:145,0
DA:146,0
DA:147,0
DA:148,0
DA:149,0
DA:151,0
DA:152,0
DA:153,0
DA:161,0
DA:164,0
DA:173,0
DA:180,0
DA:181,0
DA:182,0
DA:185,0
DA:186,0
DA:187,0
DA:188,0
DA:191,0
DA:192,0
DA:194,0
DA:201,0
DA:202,0
DA:203,0
DA:205,0
DA:206,0
DA:207,0
DA:209,0
DA:211,0
DA:215,0
DA:216,0
DA:217,0
DA:218,0
DA:220,0
DA:221,0
DA:222,0
DA:223,0
DA:224,0
DA:232,0
DA:233,0
DA:241,0
DA:248,0
DA:255,0
DA:256,0
DA:259,0
DA:260,0
DA:261,0
DA:269,0
DA:270,0
DA:271,0
DA:272,0
DA:273,0
DA:275,0
DA:283,0
DA:297,0
DA:301,0
DA:310,0
DA:322,0
DA:334,0
DA:346,0
DA:351,0
LF:118
LH:0
BRDA:22,0,0,0
BRDA:22,0,1,0
BRDA:28,1,0,0
BRDA:28,1,1,0
BRDA:34,2,0,0
BRDA:34,2,1,0
BRDA:39,3,0,0
BRDA:39,3,1,0
BRDA:44,4,0,0
BRDA:44,4,1,0
BRDA:53,5,0,0
BRDA:55,6,0,0
BRDA:55,6,1,0
BRDA:56,7,0,0
BRDA:56,7,1,0
BRDA:57,8,0,0
BRDA:57,8,1,0
BRDA:58,9,0,0
BRDA:58,9,1,0
BRDA:59,10,0,0
BRDA:59,10,1,0
BRDA:69,11,0,0
BRDA:71,12,0,0
BRDA:72,13,0,0
BRDA:73,14,0,0
BRDA:74,15,0,0
BRDA:75,16,0,0
BRDA:76,17,0,0
BRDA:77,18,0,0
BRDA:78,19,0,0
BRDA:83,20,0,0
BRDA:83,20,1,0
BRDA:86,21,0,0
BRDA:86,21,1,0
BRDA:86,22,0,0
BRDA:86,22,1,0
BRDA:104,23,0,0
BRDA:104,23,1,0
BRDA:118,24,0,0
BRDA:118,24,1,0
BRDA:118,25,0,0
BRDA:118,25,1,0
BRDA:129,26,0,0
BRDA:129,26,1,0
BRDA:140,27,0,0
BRDA:140,27,1,0
BRDA:180,28,0,0
BRDA:180,28,1,0
BRDA:181,29,0,0
BRDA:181,29,1,0
BRDA:182,30,0,0
BRDA:182,30,1,0
BRDA:185,31,0,0
BRDA:185,31,1,0
BRDA:185,32,0,0
BRDA:185,32,1,0
BRDA:186,33,0,0
BRDA:186,33,1,0
BRDA:186,34,0,0
BRDA:186,34,1,0
BRDA:186,34,2,0
BRDA:187,35,0,0
BRDA:187,35,1,0
BRDA:187,36,0,0
BRDA:187,36,1,0
BRDA:187,36,2,0
BRDA:187,36,3,0
BRDA:188,37,0,0
BRDA:188,37,1,0
BRDA:188,38,0,0
BRDA:188,38,1,0
BRDA:188,38,2,0
BRDA:191,39,0,0
BRDA:191,39,1,0
BRDA:192,40,0,0
BRDA:192,40,1,0
BRDA:202,41,0,0
BRDA:202,41,1,0
BRDA:203,42,0,0
BRDA:203,42,1,0
BRDA:205,43,0,0
BRDA:205,43,1,0
BRDA:216,44,0,0
BRDA:216,44,1,0
BRDA:222,45,0,0
BRDA:222,45,1,0
BRDA:231,46,0,0
BRDA:232,47,0,0
BRDA:232,47,1,0
BRDA:241,48,0,0
BRDA:241,48,1,0
BRDA:260,49,0,0
BRDA:260,49,1,0
BRDA:268,50,0,0
BRDA:273,51,0,0
BRDA:273,51,1,0
BRDA:273,52,0,0
BRDA:273,52,1,0
BRDA:351,53,0,0
BRDA:351,53,1,0
BRF:100
BRH:0
end_of_record
TN:
SF:background\filter-list-manager.js
FN:232,(anonymous_0)
FN:245,(anonymous_1)
FN:283,(anonymous_2)
FN:350,(anonymous_3)
FN:366,(anonymous_4)
FN:372,(anonymous_5)
FN:372,(anonymous_6)
FN:373,(anonymous_7)
FN:373,(anonymous_8)
FN:413,(anonymous_9)
FN:413,(anonymous_10)
FN:441,(anonymous_11)
FN:461,(anonymous_12)
FN:472,(anonymous_13)
FN:487,(anonymous_14)
FN:500,(anonymous_15)
FN:507,(anonymous_16)
FN:524,(anonymous_17)
FN:526,(anonymous_18)
FN:541,(anonymous_19)
FN:554,(anonymous_20)
FN:572,(anonymous_21)
FN:578,(anonymous_22)
FN:579,(anonymous_23)
FN:602,(anonymous_24)
FN:603,(anonymous_25)
FN:609,(anonymous_26)
FN:613,(anonymous_27)
FN:614,(anonymous_28)
FN:620,(anonymous_29)
FN:626,(anonymous_30)
FN:685,(anonymous_31)
FN:700,(anonymous_32)
FN:731,(anonymous_33)
FN:738,(anonymous_34)
FN:739,(anonymous_35)
FN:742,(anonymous_36)
FN:760,(anonymous_37)
FN:765,(anonymous_38)
FN:774,(anonymous_39)
FN:796,(anonymous_40)
FN:809,(anonymous_41)
FN:810,(anonymous_42)
FN:833,(anonymous_43)
FN:872,(anonymous_44)
FN:877,(anonymous_45)
FN:907,(anonymous_46)
FN:908,(anonymous_47)
FN:919,(anonymous_48)
FN:926,(anonymous_49)
FN:933,(anonymous_50)
FN:934,(anonymous_51)
FN:940,(anonymous_52)
FN:941,(anonymous_53)
FN:947,(anonymous_54)
FN:972,(anonymous_55)
FN:997,(anonymous_56)
FN:1013,(anonymous_57)
FN:1026,(anonymous_58)
FN:1034,(anonymous_59)
FN:1035,(anonymous_60)
FN:1050,(anonymous_61)
FNF:62
FNH:0
FNDA:0,(anonymous_0)
FNDA:0,(anonymous_1)
FNDA:0,(anonymous_2)
FNDA:0,(anonymous_3)
FNDA:0,(anonymous_4)
FNDA:0,(anonymous_5)
FNDA:0,(anonymous_6)
FNDA:0,(anonymous_7)
FNDA:0,(anonymous_8)
FNDA:0,(anonymous_9)
FNDA:0,(anonymous_10)
FNDA:0,(anonymous_11)
FNDA:0,(anonymous_12)
FNDA:0,(anonymous_13)
FNDA:0,(anonymous_14)
FNDA:0,(anonymous_15)
FNDA:0,(anonymous_16)
FNDA:0,(anonymous_17)
FNDA:0,(anonymous_18)
FNDA:0,(anonymous_19)
FNDA:0,(anonymous_20)
FNDA:0,(anonymous_21)
FNDA:0,(anonymous_22)
FNDA:0,(anonymous_23)
FNDA:0,(anonymous_24)
FNDA:0,(anonymous_25)
FNDA:0,(anonymous_26)
FNDA:0,(anonymous_27)
FNDA:0,(anonymous_28)
FNDA:0,(anonymous_29)
FNDA:0,(anonymous_30)
FNDA:0,(anonymous_31)
FNDA:0,(anonymous_32)
FNDA:0,(anonymous_33)
FNDA:0,(anonymous_34)
FNDA:0,(anonymous_35)
FNDA:0,(anonymous_36)
FNDA:0,(anonymous_37)
FNDA:0,(anonymous_38)
FNDA:0,(anonymous_39)
FNDA:0,(anonymous_40)
FNDA:0,(anonymous_41)
FNDA:0,(anonymous_42)
FNDA:0,(anonymous_43)
FNDA:0,(anonymous_44)
FNDA:0,(anonymous_45)
FNDA:0,(anonymous_46)
FNDA:0,(anonymous_47)
FNDA:0,(anonymous_48)
FNDA:0,(anonymous_49)
FNDA:0,(anonymous_50)
FNDA:0,(anonymous_51)
FNDA:0,(anonymous_52)
FNDA:0,(anonymous_53)
FNDA:0,(anonymous_54)
FNDA:0,(anonymous_55)
FNDA:0,(anonymous_56)
FNDA:0,(anonymous_57)
FNDA:0,(anonymous_58)
FNDA:0,(anonymous_59)
FNDA:0,(anonymous_60)
FNDA:0,(anonymous_61)
DA:7,0
DA:210,0
DA:216,0
DA:219,0
DA:233,0
DA:234,0
DA:235,0
DA:236,0
DA:246,0
DA:247,0
DA:248,0
DA:249,0
DA:251,0
DA:252,0
DA:253,0
DA:256,0
DA:259,0
DA:260,0
DA:263,0
DA:264,0
DA:265,0
DA:269,0
DA:273,0
DA:274,0
DA:277,0
DA:284,0
DA:285,0
DA:288,0
DA:289,0
DA:290,0
DA:294,0
DA:295,0
DA:296,0
DA:300,0
DA:301,0
DA:302,0
DA:306,0
DA:307,0
DA:308,0
DA:312,0
DA:313,0
DA:314,0
DA:318,0
DA:319,0
DA:320,0
DA:324,0
DA:325,0
DA:326,0
DA:330,0
DA:331,0
DA:332,0
DA:336,0
DA:337,0
DA:341,0
DA:342,0
DA:344,0
DA:351,0
DA:360,0
DA:361,0
DA:363,0
DA:365,0
DA:366,0
DA:368,0
DA:370,0
DA:371,0
DA:372,0
DA:373,0
DA:374,0
DA:375,0
DA:377,0
DA:380,0
DA:381,0
DA:383,0
DA:384,0
DA:387,0
DA:388,0
DA:390,0
DA:391,0
DA:394,0
DA:395,0
DA:397,0
DA:398,0
DA:401,0
DA:402,0
DA:405,0
DA:406,0
DA:408,0
DA:409,0
DA:412,0
DA:413,0
DA:415,0
DA:418,0
DA:419,0
DA:422,0
DA:423,0
DA:427,0
DA:428,0
DA:429,0
DA:432,0
DA:435,0
DA:442,0
DA:443,0
DA:445,0
DA:448,0
DA:450,0
DA:451,0
DA:455,0
DA:462,0
DA:463,0
DA:465,0
DA:466,0
DA:467,0
DA:469,0
DA:473,0
DA:480,0
DA:482,0
DA:484,0
DA:485,0
DA:486,0
DA:487,0
DA:488,0
DA:489,0
DA:492,0
DA:493,0
DA:494,0
DA:497,0
DA:498,0
DA:499,0
DA:500,0
DA:501,0
DA:504,0
DA:505,0
DA:506,0
DA:507,0
DA:508,0
DA:516,0
DA:519,0
DA:523,0
DA:524,0
DA:525,0
DA:526,0
DA:530,0
DA:531,0
DA:534,0
DA:535,0
DA:538,0
DA:542,0
DA:543,0
DA:544,0
DA:545,0
DA:546,0
DA:547,0
DA:548,0
DA:555,0
DA:556,0
DA:557,0
DA:558,0
DA:559,0
DA:560,0
DA:561,0
DA:562,0
DA:574,0
DA:576,0
DA:578,0
DA:579,0
DA:580,0
DA:581,0
DA:585,0
DA:586,0
DA:599,0
DA:602,0
DA:603,0
DA:610,0
DA:613,0
DA:614,0
DA:617,0
DA:621,0
DA:622,0
DA:623,0
DA:625,0
DA:626,0
DA:628,0
DA:629,0
DA:634,0
DA:636,0
DA:638,0
DA:641,0
DA:642,0
DA:645,0
DA:646,0
DA:647,0
DA:650,0
DA:652,0
DA:653,0
DA:657,0
DA:660,0
DA:672,0
DA:674,0
DA:675,0
DA:677,0
DA:678,0
DA:686,0
DA:687,0
DA:701,0
DA:703,0
DA:704,0
DA:705,0
DA:715,0
DA:719,0
DA:725,0
DA:732,0
DA:733,0
DA:734,0
DA:737,0
DA:738,0
DA:739,0
DA:741,0
DA:742,0
DA:743,0
DA:744,0
DA:748,0
DA:750,0
DA:751,0
DA:754,0
DA:761,0
DA:762,0
DA:763,0
DA:765,0
DA:768,0
DA:775,0
DA:776,0
DA:777,0
DA:790,0
DA:797,0
DA:798,0
DA:799,0
DA:800,0
DA:801,0
DA:802,0
DA:810,0
DA:821,0
DA:822,0
DA:823,0
DA:826,0
DA:834,0
DA:835,0
DA:837,0
DA:838,0
DA:840,0
DA:841,0
DA:843,0
DA:844,0
DA:845,0
DA:846,0
DA:847,0
DA:851,0
DA:852,0
DA:853,0
DA:854,0
DA:855,0
DA:856,0
DA:859,0
DA:863,0
DA:865,0
DA:873,0
DA:874,0
DA:877,0
DA:884,0
DA:893,0
DA:896,0
DA:897,0
DA:898,0
DA:900,0
DA:908,0
DA:920,0
DA:927,0
DA:934,0
DA:941,0
DA:948,0
DA:959,0
DA:961,0
DA:962,0
DA:965,0
DA:966,0
DA:973,0
DA:974,0
DA:975,0
DA:978,0
DA:979,0
DA:980,0
DA:983,0
DA:984,0
DA:985,0
DA:986,0
DA:987,0
DA:990,0
DA:998,0
DA:999,0
DA:1002,0
DA:1003,0
DA:1004,0
DA:1005,0
DA:1007,0
DA:1014,0
DA:1015,0
DA:1016,0
DA:1017,0
DA:1020,0
DA:1027,0
DA:1028,0
DA:1035,0
DA:1051,0
DA:1053,0
DA:1054,0
DA:1055,0
DA:1057,0
DA:1060,0
DA:1064,0
LF:318
LH:0
BRDA:232,0,0,0
BRDA:233,1,0,0
BRDA:233,1,1,0
BRDA:256,2,0,0
BRDA:256,2,1,0
BRDA:256,3,0,0
BRDA:256,3,1,0
BRDA:256,3,2,0
BRDA:260,4,0,0
BRDA:260,4,1,0
BRDA:264,5,0,0
BRDA:264,5,1,0
BRDA:273,6,0,0
BRDA:273,6,1,0
BRDA:273,7,0,0
BRDA:273,7,1,0
BRDA:289,8,0,0
BRDA:289,8,1,0
BRDA:295,9,0,0
BRDA:295,9,1,0
BRDA:301,10,0,0
BRDA:301,10,1,0
BRDA:301,11,0,0
BRDA:301,11,1,0
BRDA:301,11,2,0
BRDA:301,11,3,0
BRDA:307,12,0,0
BRDA:307,12,1,0
BRDA:313,13,0,0
BRDA:313,13,1,0
BRDA:319,14,0,0
BRDA:319,14,1,0
BRDA:325,15,0,0
BRDA:325,15,1,0
BRDA:331,16,0,0
BRDA:331,16,1,0
BRDA:336,17,0,0
BRDA:336,17,1,0
BRDA:336,18,0,0
BRDA:336,18,1,0
BRDA:341,19,0,0
BRDA:341,19,1,0
BRDA:341,20,0,0
BRDA:341,20,1,0
BRDA:361,21,0,0
BRDA:361,21,1,0
BRDA:368,22,0,0
BRDA:368,22,1,0
BRDA:368,22,2,0
BRDA:368,22,3,0
BRDA:368,22,4,0
BRDA:368,22,5,0
BRDA:368,22,6,0
BRDA:368,22,7,0
BRDA:368,22,8,0
BRDA:368,22,9,0
BRDA:368,22,10,0
BRDA:368,22,11,0
BRDA:368,22,12,0
BRDA:368,22,13,0
BRDA:370,23,0,0
BRDA:370,23,1,0
BRDA:405,24,0,0
BRDA:405,24,1,0
BRDA:408,25,0,0
BRDA:408,25,1,0
BRDA:412,26,0,0
BRDA:412,26,1,0
BRDA:418,27,0,0
BRDA:418,27,1,0
BRDA:422,28,0,0
BRDA:422,28,1,0
BRDA:427,29,0,0
BRDA:427,29,1,0
BRDA:429,30,0,0
BRDA:429,30,1,0
BRDA:429,31,0,0
BRDA:429,31,1,0
BRDA:443,32,0,0
BRDA:443,32,1,0
BRDA:450,33,0,0
BRDA:450,33,1,0
BRDA:467,34,0,0
BRDA:467,34,1,0
BRDA:476,35,0,0
BRDA:476,35,1,0
BRDA:480,36,0,0
BRDA:480,36,1,0
BRDA:482,37,0,0
BRDA:482,37,1,0
BRDA:482,37,2,0
BRDA:482,37,3,0
BRDA:482,37,4,0
BRDA:482,37,5,0
BRDA:482,37,6,0
BRDA:482,37,7,0
BRDA:482,37,8,0
BRDA:482,37,9,0
BRDA:485,38,0,0
BRDA:485,38,1,0
BRDA:486,39,0,0
BRDA:486,39,1,0
BRDA:487,40,0,0
BRDA:487,40,1,0
BRDA:488,41,0,0
BRDA:488,41,1,0
BRDA:488,42,0,0
BRDA:488,42,1,0
BRDA:499,43,0,0
BRDA:499,43,1,0
BRDA:500,44,0,0
BRDA:500,44,1,0
BRDA:506,45,0,0
BRDA:506,45,1,0
BRDA:507,46,0,0
BRDA:507,46,1,0
BRDA:523,47,0,0
BRDA:523,47,1,0
BRDA:523,48,0,0
BRDA:523,48,1,0
BRDA:525,49,0,0
BRDA:525,49,1,0
BRDA:530,50,0,0
BRDA:530,50,1,0
BRDA:531,51,0,0
BRDA:531,51,1,0
BRDA:534,52,0,0
BRDA:534,52,1,0
BRDA:542,53,0,0
BRDA:542,53,1,0
BRDA:542,54,0,0
BRDA:542,54,1,0
BRDA:543,55,0,0
BRDA:543,55,1,0
BRDA:543,56,0,0
BRDA:543,56,1,0
BRDA:544,57,0,0
BRDA:544,57,1,0
BRDA:544,58,0,0
BRDA:544,58,1,0
BRDA:545,59,0,0
BRDA:545,59,1,0
BRDA:545,60,0,0
BRDA:545,60,1,0
BRDA:545,60,2,0
BRDA:546,61,0,0
BRDA:546,61,1,0
BRDA:546,62,0,0
BRDA:546,62,1,0
BRDA:547,63,0,0
BRDA:547,63,1,0
BRDA:554,64,0,0
BRDA:561,65,0,0
BRDA:561,65,1,0
BRDA:572,66,0,0
BRDA:576,67,0,0
BRDA:576,67,1,0
BRDA:576,68,0,0
BRDA:576,68,1,0
BRDA:576,68,2,0
BRDA:581,69,0,0
BRDA:581,69,1,0
BRDA:622,70,0,0
BRDA:622,70,1,0
BRDA:623,71,0,0
BRDA:623,71,1,0
BRDA:636,72,0,0
BRDA:636,72,1,0
BRDA:641,73,0,0
BRDA:641,73,1,0
BRDA:652,74,0,0
BRDA:652,74,1,0
BRDA:687,75,0,0
BRDA:687,75,1,0
BRDA:687,75,2,0
BRDA:687,75,3,0
BRDA:687,75,4,0
BRDA:687,75,5,0
BRDA:687,75,6,0
BRDA:687,75,7,0
BRDA:704,76,0,0
BRDA:704,76,1,0
BRDA:704,77,0,0
BRDA:704,77,1,0
BRDA:704,77,2,0
BRDA:711,78,0,0
BRDA:711,78,1,0
BRDA:712,79,0,0
BRDA:712,79,1,0
BRDA:721,80,0,0
BRDA:721,80,1,0
BRDA:722,81,0,0
BRDA:722,81,1,0
BRDA:732,82,0,0
BRDA:732,82,1,0
BRDA:743,83,0,0
BRDA:743,83,1,0
BRDA:743,84,0,0
BRDA:743,84,1,0
BRDA:750,85,0,0
BRDA:750,85,1,0
BRDA:763,86,0,0
BRDA:763,86,1,0
BRDA:763,87,0,0
BRDA:763,87,1,0
BRDA:763,87,2,0
BRDA:780,88,0,0
BRDA:780,88,1,0
BRDA:782,89,0,0
BRDA:782,89,1,0
BRDA:783,90,0,0
BRDA:783,90,1,0
BRDA:798,91,0,0
BRDA:798,91,1,0
BRDA:802,92,0,0
BRDA:802,92,1,0
BRDA:822,93,0,0
BRDA:822,93,1,0
BRDA:822,94,0,0
BRDA:822,94,1,0
BRDA:835,95,0,0
BRDA:835,95,1,0
BRDA:835,96,0,0
BRDA:835,96,1,0
BRDA:838,97,0,0
BRDA:838,97,1,0
BRDA:841,98,0,0
BRDA:841,98,1,0
BRDA:841,99,0,0
BRDA:841,99,1,0
BRDA:843,100,0,0
BRDA:843,100,1,0
BRDA:845,101,0,0
BRDA:845,101,1,0
BRDA:874,102,0,0
BRDA:874,102,1,0
BRDA:874,103,0,0
BRDA:874,103,1,0
BRDA:896,104,0,0
BRDA:949,105,0,0
BRDA:949,105,1,0
BRDA:953,106,0,0
BRDA:953,106,1,0
BRDA:954,107,0,0
BRDA:954,107,1,0
BRDA:955,108,0,0
BRDA:955,108,1,0
BRDA:956,109,0,0
BRDA:956,109,1,0
BRDA:961,110,0,0
BRDA:961,110,1,0
BRDA:974,111,0,0
BRDA:974,111,1,0
BRDA:974,112,0,0
BRDA:974,112,1,0
BRDA:984,113,0,0
BRDA:984,113,1,0
BRDA:984,114,0,0
BRDA:984,114,1,0
BRDA:985,115,0,0
BRDA:999,116,0,0
BRDA:999,116,1,0
BRDA:1016,117,0,0
BRDA:1016,117,1,0
BRDA:1016,118,0,0
BRDA:1016,118,1,0
BRDA:1028,119,0,0
BRDA:1028,119,1,0
BRDA:1051,120,0,0
BRDA:1051,120,1,0
BRDA:1055,121,0,0
BRDA:1055,121,1,0
BRF:272
BRH:0
end_of_record
TN:
SF:background\filter-manager-enhanced.js
FN:24,(anonymous_0)
FN:29,(anonymous_1)
FN:37,(anonymous_2)
FN:44,(anonymous_3)
FN:45,(anonymous_4)
FN:70,(anonymous_5)
FN:82,(anonymous_6)
FN:117,(anonymous_7)
FN:145,(anonymous_8)
FN:192,(anonymous_9)
FN:201,(anonymous_10)
FN:223,(anonymous_11)
FN:269,(anonymous_12)
FN:274,(anonymous_13)
FN:290,(anonymous_14)
FN:295,(anonymous_15)
FN:311,(anonymous_16)
FN:317,(anonymous_17)
FN:318,(anonymous_18)
FN:322,(anonymous_19)
FN:323,(anonymous_20)
FN:352,(anonymous_21)
FN:366,(anonymous_22)
FN:370,(anonymous_23)
FN:398,(anonymous_24)
FN:400,(anonymous_25)
FN:408,(anonymous_26)
FN:424,(anonymous_27)
FN:440,(anonymous_28)
FN:454,(anonymous_29)
FN:462,(anonymous_30)
FN:466,(anonymous_31)
FN:483,(anonymous_32)
FN:486,(anonymous_33)
FN:499,(anonymous_34)
FN:505,(anonymous_35)
FN:510,(anonymous_36)
FN:515,(anonymous_37)
FN:523,(anonymous_38)
FN:524,(anonymous_39)
FN:529,(anonymous_40)
FN:530,(anonymous_41)
FN:538,(anonymous_42)
FN:541,(anonymous_43)
FN:550,(anonymous_44)
FN:551,(anonymous_45)
FN:556,(anonymous_46)
FN:559,(anonymous_47)
FN:563,(anonymous_48)
FN:566,(anonymous_49)
FN:568,(anonymous_50)
FN:570,(anonymous_51)
FN:573,(anonymous_52)
FN:575,(anonymous_53)
FN:579,(anonymous_54)
FN:581,(anonymous_55)
FN:581,(anonymous_56)
FN:584,(anonymous_57)
FN:586,(anonymous_58)
FN:591,(anonymous_59)
FN:601,(anonymous_60)
FN:616,(anonymous_61)
FNF:62
FNH:0
FNDA:0,(anonymous_0)
FNDA:0,(anonymous_1)
FNDA:0,(anonymous_2)
FNDA:0,(anonymous_3)
FNDA:0,(anonymous_4)
FNDA:0,(anonymous_5)
FNDA:0,(anonymous_6)
FNDA:0,(anonymous_7)
FNDA:0,(anonymous_8)
FNDA:0,(anonymous_9)
FNDA:0,(anonymous_10)
FNDA:0,(anonymous_11)
FNDA:0,(anonymous_12)
FNDA:0,(anonymous_13)
FNDA:0,(anonymous_14)
FNDA:0,(anonymous_15)
FNDA:0,(anonymous_16)
FNDA:0,(anonymous_17)
FNDA:0,(anonymous_18)
FNDA:0,(anonymous_19)
FNDA:0,(anonymous_20)
FNDA:0,(anonymous_21)
FNDA:0,(anonymous_22)
FNDA:0,(anonymous_23)
FNDA:0,(anonymous_24)
FNDA:0,(anonymous_25)
FNDA:0,(anonymous_26)
FNDA:0,(anonymous_27)
FNDA:0,(anonymous_28)
FNDA:0,(anonymous_29)
FNDA:0,(anonymous_30)
FNDA:0,(anonymous_31)
FNDA:0,(anonymous_32)
FNDA:0,(anonymous_33)
FNDA:0,(anonymous_34)
FNDA:0,(anonymous_35)
FNDA:0,(anonymous_36)
FNDA:0,(anonymous_37)
FNDA:0,(anonymous_38)
FNDA:0,(anonymous_39)
FNDA:0,(anonymous_40)
FNDA:0,(anonymous_41)
FNDA:0,(anonymous_42)
FNDA:0,(anonymous_43)
FNDA:0,(anonymous_44)
FNDA:0,(anonymous_45)
FNDA:0,(anonymous_46)
FNDA:0,(anonymous_47)
FNDA:0,(anonymous_48)
FNDA:0,(anonymous_49)
FNDA:0,(anonymous_50)
FNDA:0,(anonymous_51)
FNDA:0,(anonymous_52)
FNDA:0,(anonymous_53)
FNDA:0,(anonymous_54)
FNDA:0,(anonymous_55)
FNDA:0,(anonymous_56)
FNDA:0,(anonymous_57)
FNDA:0,(anonymous_58)
FNDA:0,(anonymous_59)
FNDA:0,(anonymous_60)
FNDA:0,(anonymous_61)
DA:11,0
DA:17,0
DA:18,0
DA:25,0
DA:26,0
DA:30,0
DA:31,0
DA:33,0
DA:34,0
DA:38,0
DA:39,0
DA:41,0
DA:42,0
DA:44,0
DA:45,0
DA:48,0
DA:49,0
DA:50,0
DA:51,0
DA:52,0
DA:54,0
DA:58,0
DA:59,0
DA:60,0
DA:61,0
DA:62,0
DA:64,0
DA:67,0
DA:71,0
DA:72,0
DA:73,0
DA:83,0
DA:84,0
DA:85,0
DA:86,0
DA:87,0
DA:88,0
DA:89,0
DA:92,0
DA:93,0
DA:94,0
DA:97,0
DA:98,0
DA:99,0
DA:100,0
DA:101,0
DA:102,0
DA:103,0
DA:106,0
DA:109,0
DA:118,0
DA:119,0
DA:120,0
DA:121,0
DA:124,0
DA:125,0
DA:128,0
DA:131,0
DA:132,0
DA:136,0
DA:140,0
DA:142,0
DA:147,0
DA:184,0
DA:185,0
DA:193,0
DA:194,0
DA:196,0
DA:197,0
DA:199,0
DA:200,0
DA:201,0
DA:202,0
DA:205,0
DA:216,0
DA:220,0
DA:224,0
DA:225,0
DA:226,0
DA:229,0
DA:230,0
DA:232,0
DA:234,0
DA:237,0
DA:240,0
DA:243,0
DA:246,0
DA:249,0
DA:252,0
DA:253,0
DA:254,0
DA:257,0
DA:258,0
DA:259,0
DA:260,0
DA:261,0
DA:263,0
DA:265,0
DA:270,0
DA:271,0
DA:272,0
DA:273,0
DA:274,0
DA:275,0
DA:277,0
DA:284,0
DA:287,0
DA:291,0
DA:292,0
DA:293,0
DA:294,0
DA:295,0
DA:296,0
DA:298,0
DA:305,0
DA:308,0
DA:313,0
DA:316,0
DA:317,0
DA:318,0
DA:321,0
DA:322,0
DA:323,0
DA:326,0
DA:327,0
DA:328,0
DA:329,0
DA:333,0
DA:334,0
DA:335,0
DA:336,0
DA:337,0
DA:338,0
DA:340,0
DA:341,0
DA:343,0
DA:348,0
DA:349,0
DA:353,0
DA:354,0
DA:355,0
DA:357,0
DA:359,0
DA:360,0
DA:364,0
DA:365,0
DA:366,0
DA:368,0
DA:370,0
DA:374,0
DA:375,0
DA:376,0
DA:380,0
DA:381,0
DA:384,0
DA:385,0
DA:386,0
DA:387,0
DA:388,0
DA:391,0
DA:395,0
DA:399,0
DA:400,0
DA:401,0
DA:402,0
DA:404,0
DA:405,0
DA:409,0
DA:410,0
DA:411,0
DA:414,0
DA:415,0
DA:419,0
DA:421,0
DA:425,0
DA:426,0
DA:428,0
DA:429,0
DA:433,0
DA:436,0
DA:437,0
DA:441,0
DA:455,0
DA:456,0
DA:458,0
DA:460,0
DA:467,0
DA:468,0
DA:470,0
DA:471,0
DA:472,0
DA:474,0
DA:475,0
DA:479,0
DA:484,0
DA:485,0
DA:486,0
DA:487,0
DA:488,0
DA:492,0
DA:495,0
DA:500,0
DA:501,0
DA:502,0
DA:506,0
DA:507,0
DA:511,0
DA:516,0
DA:517,0
DA:518,0
DA:519,0
DA:520,0
DA:524,0
DA:525,0
DA:526,0
DA:530,0
DA:531,0
DA:532,0
DA:533,0
DA:534,0
DA:538,0
DA:542,0
DA:543,0
DA:544,0
DA:545,0
DA:546,0
DA:547,0
DA:551,0
DA:552,0
DA:553,0
DA:556,0
DA:560,0
DA:561,0
DA:562,0
DA:563,0
DA:567,0
DA:568,0
DA:569,0
DA:570,0
DA:573,0
DA:576,0
DA:577,0
DA:578,0
DA:579,0
DA:580,0
DA:581,0
DA:584,0
DA:587,0
DA:588,0
DA:592,0
DA:602,0
DA:603,0
DA:604,0
DA:606,0
DA:607,0
DA:608,0
DA:610,0
DA:611,0
DA:613,0
DA:617,0
LF:260
LH:0
BRDA:30,0,0,0
BRDA:30,0,1,0
BRDA:39,1,0,0
BRDA:39,1,1,0
BRDA:44,2,0,0
BRDA:44,2,1,0
BRDA:48,3,0,0
BRDA:48,3,1,0
BRDA:50,4,0,0
BRDA:50,4,1,0
BRDA:60,5,0,0
BRDA:60,5,1,0
BRDA:72,6,0,0
BRDA:72,6,1,0
BRDA:224,7,0,0
BRDA:224,7,1,0
BRDA:279,8,0,0
BRDA:279,8,1,0
BRDA:280,9,0,0
BRDA:280,9,1,0
BRDA:327,10,0,0
BRDA:327,10,1,0
BRDA:337,11,0,0
BRDA:337,11,1,0
BRDA:337,12,0,0
BRDA:337,12,1,0
BRDA:359,13,0,0
BRDA:359,13,1,0
BRDA:359,14,0,0
BRDA:359,14,1,0
BRDA:359,14,2,0
BRDA:359,14,3,0
BRDA:364,15,0,0
BRDA:364,15,1,0
BRDA:368,16,0,0
BRDA:368,16,1,0
BRDA:374,17,0,0
BRDA:374,17,1,0
BRDA:375,18,0,0
BRDA:375,18,1,0
BRDA:380,19,0,0
BRDA:380,19,1,0
BRDA:386,20,0,0
BRDA:386,20,1,0
BRDA:387,21,0,0
BRDA:387,21,1,0
BRDA:401,22,0,0
BRDA:401,22,1,0
BRDA:456,23,0,0
BRDA:456,23,1,0
BRDA:467,24,0,0
BRDA:467,24,1,0
BRDA:485,25,0,0
BRDA:485,25,1,0
BRDA:485,26,0,0
BRDA:485,26,1,0
BRDA:531,27,0,0
BRDA:531,27,1,0
BRDA:541,28,0,0
BRDA:543,29,0,0
BRDA:543,29,1,0
BRDA:578,30,0,0
BRDA:578,30,1,0
BRDA:602,31,0,0
BRDA:602,31,1,0
BRDA:606,32,0,0
BRDA:606,32,1,0
BRDA:610,33,0,0
BRDA:610,33,1,0
BRF:69
BRH:0
end_of_record
TN:
SF:background\lifecycle-manager.js
FN:24,(anonymous_0)
FN:47,(anonymous_1)
FN:89,(anonymous_2)
FN:115,(anonymous_3)
FN:126,(anonymous_4)
FN:152,(anonymous_5)
FN:154,(anonymous_6)
FN:155,(anonymous_7)
FN:156,(anonymous_8)
FN:159,(anonymous_9)
FN:160,(anonymous_10)
FN:160,(anonymous_11)
FN:173,(anonymous_12)
FN:175,(anonymous_13)
FN:176,(anonymous_14)
FN:188,(anonymous_15)
FN:194,(anonymous_16)
FN:196,(anonymous_17)
FN:197,(anonymous_18)
FN:205,(anonymous_19)
FN:225,(anonymous_20)
FN:247,(anonymous_21)
FN:280,(anonymous_22)
FN:296,(anonymous_23)
FN:317,(anonymous_24)
FN:332,(anonymous_25)
FN:347,(anonymous_26)
FN:355,(anonymous_27)
FN:360,(anonymous_28)
FN:367,(anonymous_29)
FN:380,(anonymous_30)
FN:382,(anonymous_31)
FN:391,(anonymous_32)
FN:395,(anonymous_33)
FN:400,(anonymous_34)
FN:406,(anonymous_35)
FN:406,(anonymous_36)
FNF:37
FNH:0
FNDA:0,(anonymous_0)
FNDA:0,(anonymous_1)
FNDA:0,(anonymous_2)
FNDA:0,(anonymous_3)
FNDA:0,(anonymous_4)
FNDA:0,(anonymous_5)
FNDA:0,(anonymous_6)
FNDA:0,(anonymous_7)
FNDA:0,(anonymous_8)
FNDA:0,(anonymous_9)
FNDA:0,(anonymous_10)
FNDA:0,(anonymous_11)
FNDA:0,(anonymous_12)
FNDA:0,(anonymous_13)
FNDA:0,(anonymous_14)
FNDA:0,(anonymous_15)
FNDA:0,(anonymous_16)
FNDA:0,(anonymous_17)
FNDA:0,(anonymous_18)
FNDA:0,(anonymous_19)
FNDA:0,(anonymous_20)
FNDA:0,(anonymous_21)
FNDA:0,(anonymous_22)
FNDA:0,(anonymous_23)
FNDA:0,(anonymous_24)
FNDA:0,(anonymous_25)
FNDA:0,(anonymous_26)
FNDA:0,(anonymous_27)
FNDA:0,(anonymous_28)
FNDA:0,(anonymous_29)
FNDA:0,(anonymous_30)
FNDA:0,(anonymous_31)
FNDA:0,(anonymous_32)
FNDA:0,(anonymous_33)
FNDA:0,(anonymous_34)
FNDA:0,(anonymous_35)
FNDA:0,(anonymous_36)
DA:14,0
DA:25,0
DA:33,0
DA:34,0
DA:35,0
DA:36,0
DA:37,0
DA:38,0
DA:39,0
DA:40,0
DA:41,0
DA:48,0
DA:50,0
DA:51,0
DA:52,0
DA:54,0
DA:56,0
DA:57,0
DA:58,0
DA:59,0
DA:60,0
DA:61,0
DA:66,0
DA:69,0
DA:72,0
DA:74,0
DA:75,0
DA:77,0
DA:78,0
DA:80,0
DA:81,0
DA:82,0
DA:90,0
DA:91,0
DA:93,0
DA:94,0
DA:98,0
DA:99,0
DA:103,0
DA:104,0
DA:107,0
DA:108,0
DA:110,0
DA:111,0
DA:116,0
DA:128,0
DA:131,0
DA:134,0
DA:135,0
DA:146,0
DA:153,0
DA:154,0
DA:155,0
DA:156,0
DA:159,0
DA:160,0
DA:162,0
DA:163,0
DA:164,0
DA:167,0
DA:175,0
DA:176,0
DA:180,0
DA:181,0
DA:185,0
DA:189,0
DA:196,0
DA:197,0
DA:198,0
DA:206,0
DA:213,0
DA:226,0
DA:228,0
DA:229,0
DA:230,0
DA:233,0
DA:234,0
DA:235,0
DA:239,0
DA:241,0
DA:248,0
DA:250,0
DA:251,0
DA:252,0
DA:254,0
DA:256,0
DA:257,0
DA:261,0
DA:264,0
DA:266,0
DA:267,0
DA:269,0
DA:271,0
DA:272,0
DA:273,0
DA:282,0
DA:283,0
DA:285,0
DA:286,0
DA:290,0
DA:297,0
DA:298,0
DA:301,0
DA:302,0
DA:306,0
DA:309,0
DA:311,0
DA:318,0
DA:320,0
DA:323,0
DA:326,0
DA:333,0
DA:348,0
DA:349,0
DA:350,0
DA:356,0
DA:357,0
DA:361,0
DA:362,0
DA:363,0
DA:364,0
DA:368,0
DA:369,0
DA:370,0
DA:371,0
DA:373,0
DA:382,0
DA:383,0
DA:384,0
DA:385,0
DA:386,0
DA:387,0
DA:391,0
DA:392,0
DA:395,0
DA:396,0
DA:400,0
DA:401,0
DA:402,0
DA:403,0
DA:405,0
DA:406,0
DA:407,0
DA:417,0
LF:144
LH:0
BRDA:24,0,0,0
BRDA:28,1,0,0
BRDA:28,1,1,0
BRDA:29,2,0,0
BRDA:29,2,1,0
BRDA:47,3,0,0
BRDA:48,4,0,0
BRDA:48,4,1,0
BRDA:57,5,0,0
BRDA:57,5,1,0
BRDA:59,6,0,0
BRDA:59,6,1,0
BRDA:93,7,0,0
BRDA:93,7,1,0
BRDA:93,8,0,0
BRDA:93,8,1,0
BRDA:98,9,0,0
BRDA:98,9,1,0
BRDA:103,10,0,0
BRDA:103,10,1,0
BRDA:116,11,0,0
BRDA:116,11,1,0
BRDA:116,11,2,0
BRDA:116,11,3,0
BRDA:116,11,4,0
BRDA:135,12,0,0
BRDA:135,12,1,0
BRDA:162,13,0,0
BRDA:162,13,1,0
BRDA:180,14,0,0
BRDA:180,14,1,0
BRDA:207,15,0,0
BRDA:207,15,1,0
BRDA:226,16,0,0
BRDA:226,16,1,0
BRDA:233,17,0,0
BRDA:233,17,1,0
BRDA:248,18,0,0
BRDA:248,18,1,0
BRDA:256,19,0,0
BRDA:256,19,1,0
BRDA:256,20,0,0
BRDA:256,20,1,0
BRDA:267,21,0,0
BRDA:267,21,1,0
BRDA:285,22,0,0
BRDA:285,22,1,0
BRDA:285,23,0,0
BRDA:285,23,1,0
BRDA:301,24,0,0
BRDA:301,24,1,0
BRDA:340,25,0,0
BRDA:340,25,1,0
BRDA:356,26,0,0
BRDA:356,26,1,0
BRDA:361,27,0,0
BRDA:361,27,1,0
BRDA:364,28,0,0
BRDA:364,28,1,0
BRDA:368,29,0,0
BRDA:368,29,1,0
BRDA:383,30,0,0
BRDA:383,30,1,0
BRDA:386,31,0,0
BRDA:386,31,1,0
BRDA:401,32,0,0
BRDA:401,32,1,0
BRDA:405,33,0,0
BRDA:405,33,1,0
BRF:69
BRH:0
end_of_record
TN:
SF:background\network-stack.js
FN:13,(anonymous_0)
FN:25,(anonymous_1)
FN:45,(anonymous_2)
FN:56,(anonymous_3)
FN:66,(anonymous_4)
FN:70,(anonymous_5)
FN:83,(anonymous_6)
FN:94,(anonymous_7)
FN:125,(anonymous_8)
FN:133,(anonymous_9)
FN:142,(anonymous_10)
FN:147,(anonymous_11)
FN:163,(anonymous_12)
FN:205,(anonymous_13)
FN:206,(anonymous_14)
FN:223,(anonymous_15)
FN:233,(anonymous_16)
FN:259,(anonymous_17)
FN:269,(anonymous_18)
FN:274,(anonymous_19)
FN:281,(anonymous_20)
FN:282,(anonymous_21)
FN:291,(anonymous_22)
FN:315,(anonymous_23)
FN:323,(anonymous_24)
FN:330,(anonymous_25)
FN:337,(anonymous_26)
FN:350,(anonymous_27)
FN:359,(anonymous_28)
FN:368,(anonymous_29)
FN:374,(anonymous_30)
FN:402,(anonymous_31)
FN:417,(anonymous_32)
FN:435,(anonymous_33)
FN:459,(anonymous_34)
FN:478,(anonymous_35)
FN:485,(anonymous_36)
FN:500,(anonymous_37)
FN:505,(anonymous_38)
FN:512,(anonymous_39)
FN:521,(anonymous_40)
FN:522,(anonymous_41)
FN:531,(anonymous_42)
FNF:43
FNH:0
FNDA:0,(anonymous_0)
FNDA:0,(anonymous_1)
FNDA:0,(anonymous_2)
FNDA:0,(anonymous_3)
FNDA:0,(anonymous_4)
FNDA:0,(anonymous_5)
FNDA:0,(anonymous_6)
FNDA:0,(anonymous_7)
FNDA:0,(anonymous_8)
FNDA:0,(anonymous_9)
FNDA:0,(anonymous_10)
FNDA:0,(anonymous_11)
FNDA:0,(anonymous_12)
FNDA:0,(anonymous_13)
FNDA:0,(anonymous_14)
FNDA:0,(anonymous_15)
FNDA:0,(anonymous_16)
FNDA:0,(anonymous_17)
FNDA:0,(anonymous_18)
FNDA:0,(anonymous_19)
FNDA:0,(anonymous_20)
FNDA:0,(anonymous_21)
FNDA:0,(anonymous_22)
FNDA:0,(anonymous_23)
FNDA:0,(anonymous_24)
FNDA:0,(anonymous_25)
FNDA:0,(anonymous_26)
FNDA:0,(anonymous_27)
FNDA:0,(anonymous_28)
FNDA:0,(anonymous_29)
FNDA:0,(anonymous_30)
FNDA:0,(anonymous_31)
FNDA:0,(anonymous_32)
FNDA:0,(anonymous_33)
FNDA:0,(anonymous_34)
FNDA:0,(anonymous_35)
FNDA:0,(anonymous_36)
FNDA:0,(anonymous_37)
FNDA:0,(anonymous_38)
FNDA:0,(anonymous_39)
FNDA:0,(anonymous_40)
FNDA:0,(anonymous_41)
FNDA:0,(anonymous_42)
DA:14,0
DA:15,0
DA:16,0
DA:17,0
DA:18,0
DA:19,0
DA:20,0
DA:21,0
DA:22,0
DA:26,0
DA:27,0
DA:28,0
DA:29,0
DA:31,0
DA:35,0
DA:36,0
DA:37,0
DA:38,0
DA:40,0
DA:41,0
DA:46,0
DA:47,0
DA:48,0
DA:49,0
DA:50,0
DA:51,0
DA:57,0
DA:58,0
DA:59,0
DA:60,0
DA:61,0
DA:62,0
DA:67,0
DA:71,0
DA:72,0
DA:73,0
DA:74,0
DA:84,0
DA:85,0
DA:95,0
DA:96,0
DA:98,0
DA:99,0
DA:100,0
DA:103,0
DA:106,0
DA:107,0
DA:110,0
DA:111,0
DA:114,0
DA:115,0
DA:116,0
DA:119,0
DA:120,0
DA:122,0
DA:126,0
DA:127,0
DA:128,0
DA:130,0
DA:134,0
DA:135,0
DA:136,0
DA:137,0
DA:143,0
DA:144,0
DA:148,0
DA:164,0
DA:165,0
DA:166,0
DA:167,0
DA:168,0
DA:170,0
DA:171,0
DA:172,0
DA:173,0
DA:175,0
DA:176,0
DA:177,0
DA:179,0
DA:180,0
DA:181,0
DA:182,0
DA:183,0
DA:184,0
DA:189,0
DA:190,0
DA:191,0
DA:192,0
DA:196,0
DA:199,0
DA:206,0
DA:207,0
DA:208,0
DA:209,0
DA:211,0
DA:212,0
DA:224,0
DA:225,0
DA:226,0
DA:227,0
DA:228,0
DA:229,0
DA:230,0
DA:235,0
DA:237,0
DA:238,0
DA:239,0
DA:241,0
DA:242,0
DA:244,0
DA:245,0
DA:247,0
DA:248,0
DA:251,0
DA:252,0
DA:256,0
DA:260,0
DA:263,0
DA:266,0
DA:267,0
DA:269,0
DA:270,0
DA:275,0
DA:276,0
DA:277,0
DA:278,0
DA:282,0
DA:292,0
DA:299,0
DA:300,0
DA:301,0
DA:302,0
DA:303,0
DA:304,0
DA:316,0
DA:317,0
DA:324,0
DA:331,0
DA:345,0
DA:347,0
DA:349,0
DA:350,0
DA:352,0
DA:359,0
DA:361,0
DA:363,0
DA:364,0
DA:365,0
DA:366,0
DA:367,0
DA:368,0
DA:372,0
DA:373,0
DA:374,0
DA:378,0
DA:380,0
DA:381,0
DA:382,0
DA:386,0
DA:392,0
DA:393,0
DA:394,0
DA:396,0
DA:399,0
DA:403,0
DA:405,0
DA:406,0
DA:407,0
DA:408,0
DA:411,0
DA:418,0
DA:419,0
DA:422,0
DA:423,0
DA:425,0
DA:426,0
DA:429,0
DA:436,0
DA:438,0
DA:444,0
DA:446,0
DA:449,0
DA:450,0
DA:451,0
DA:455,0
DA:456,0
DA:458,0
DA:459,0
DA:460,0
DA:461,0
DA:463,0
DA:464,0
DA:467,0
DA:470,0
DA:472,0
DA:479,0
DA:480,0
DA:482,0
DA:483,0
DA:484,0
DA:485,0
DA:488,0
DA:489,0
DA:490,0
DA:494,0
DA:501,0
DA:505,0
DA:513,0
DA:522,0
DA:523,0
DA:524,0
DA:526,0
DA:532,0
DA:533,0
DA:534,0
DA:549,0
LF:216
LH:0
BRDA:13,0,0,0
BRDA:15,1,0,0
BRDA:15,1,1,0
BRDA:16,2,0,0
BRDA:16,2,1,0
BRDA:17,3,0,0
BRDA:17,3,1,0
BRDA:26,4,0,0
BRDA:26,4,1,0
BRDA:27,5,0,0
BRDA:27,5,1,0
BRDA:47,6,0,0
BRDA:47,6,1,0
BRDA:49,7,0,0
BRDA:49,7,1,0
BRDA:59,8,0,0
BRDA:59,8,1,0
BRDA:61,9,0,0
BRDA:61,9,1,0
BRDA:94,10,0,0
BRDA:98,11,0,0
BRDA:98,11,1,0
BRDA:99,12,0,0
BRDA:99,12,1,0
BRDA:100,13,0,0
BRDA:100,13,1,0
BRDA:106,14,0,0
BRDA:106,14,1,0
BRDA:106,15,0,0
BRDA:106,15,1,0
BRDA:110,16,0,0
BRDA:110,16,1,0
BRDA:135,17,0,0
BRDA:135,17,1,0
BRDA:143,18,0,0
BRDA:143,18,1,0
BRDA:163,19,0,0
BRDA:164,20,0,0
BRDA:164,21,0,0
BRDA:164,22,0,0
BRDA:173,23,0,0
BRDA:173,23,1,0
BRDA:180,24,0,0
BRDA:180,24,1,0
BRDA:181,25,0,0
BRDA:181,25,1,0
BRDA:182,26,0,0
BRDA:182,26,1,0
BRDA:182,27,0,0
BRDA:182,27,1,0
BRDA:189,28,0,0
BRDA:189,28,1,0
BRDA:189,29,0,0
BRDA:189,29,1,0
BRDA:190,30,0,0
BRDA:190,30,1,0
BRDA:191,31,0,0
BRDA:191,31,1,0
BRDA:191,32,0,0
BRDA:191,32,1,0
BRDA:205,33,0,0
BRDA:211,34,0,0
BRDA:211,34,1,0
BRDA:223,35,0,0
BRDA:224,36,0,0
BRDA:224,36,1,0
BRDA:225,37,0,0
BRDA:225,37,1,0
BRDA:226,38,0,0
BRDA:226,38,1,0
BRDA:227,39,0,0
BRDA:227,39,1,0
BRDA:228,40,0,0
BRDA:228,40,1,0
BRDA:229,41,0,0
BRDA:229,41,1,0
BRDA:230,42,0,0
BRDA:230,42,1,0
BRDA:233,43,0,0
BRDA:244,44,0,0
BRDA:244,44,1,0
BRDA:245,45,0,0
BRDA:245,45,1,0
BRDA:260,46,0,0
BRDA:260,46,1,0
BRDA:263,47,0,0
BRDA:263,47,1,0
BRDA:263,48,0,0
BRDA:263,48,1,0
BRDA:266,49,0,0
BRDA:266,49,1,0
BRDA:267,50,0,0
BRDA:267,50,1,0
BRDA:270,51,0,0
BRDA:270,51,1,0
BRDA:291,52,0,0
BRDA:293,53,0,0
BRDA:293,53,1,0
BRDA:294,54,0,0
BRDA:294,54,1,0
BRDA:295,55,0,0
BRDA:295,55,1,0
BRDA:337,56,0,0
BRDA:339,57,0,0
BRDA:340,58,0,0
BRDA:341,59,0,0
BRDA:342,60,0,0
BRDA:343,61,0,0
BRDA:365,62,0,0
BRDA:365,62,1,0
BRDA:367,63,0,0
BRDA:367,63,1,0
BRDA:372,64,0,0
BRDA:372,64,1,0
BRDA:388,65,0,0
BRDA:388,65,1,0
BRDA:392,66,0,0
BRDA:392,66,1,0
BRDA:394,67,0,0
BRDA:394,67,1,0
BRDA:405,68,0,0
BRDA:405,68,1,0
BRDA:405,69,0,0
BRDA:405,69,1,0
BRDA:417,70,0,0
BRDA:418,71,0,0
BRDA:418,71,1,0
BRDA:425,72,0,0
BRDA:425,72,1,0
BRDA:435,73,0,0
BRDA:436,74,0,0
BRDA:444,75,0,0
BRDA:444,75,1,0
BRDA:450,76,0,0
BRDA:450,76,1,0
BRDA:450,77,0,0
BRDA:450,77,1,0
BRDA:461,78,0,0
BRDA:461,78,1,0
BRDA:464,79,0,0
BRDA:464,79,1,0
BRDA:478,80,0,0
BRDA:479,81,0,0
BRDA:489,82,0,0
BRDA:489,82,1,0
BRDA:523,83,0,0
BRDA:523,83,1,0
BRDA:532,84,0,0
BRDA:532,84,1,0
BRF:149
BRH:0
end_of_record
TN:
SF:background\remote-config.js
FN:22,(anonymous_0)
FN:125,(anonymous_1)
FN:172,(anonymous_2)
FN:248,(anonymous_3)
FN:254,(anonymous_4)
FN:270,(anonymous_5)
FN:276,(anonymous_6)
FN:277,(anonymous_7)
FN:327,(anonymous_8)
FN:339,(anonymous_9)
FN:350,(anonymous_10)
FN:361,(anonymous_11)
FN:372,(anonymous_12)
FN:383,(anonymous_13)
FN:401,(anonymous_14)
FN:413,(anonymous_15)
FN:426,(anonymous_16)
FN:441,(anonymous_17)
FN:450,(anonymous_18)
FN:458,(anonymous_19)
FN:470,(anonymous_20)
FN:476,(anonymous_21)
FN:504,(anonymous_22)
FN:515,(anonymous_23)
FN:530,(anonymous_24)
FN:546,(anonymous_25)
FN:566,(anonymous_26)
FN:571,(anonymous_27)
FN:574,(anonymous_28)
FN:587,(anonymous_29)
FN:599,(anonymous_30)
FN:609,(anonymous_31)
FN:622,(anonymous_32)
FN:629,(anonymous_33)
FN:649,(anonymous_34)
FN:668,(anonymous_35)
FN:680,(anonymous_36)
FN:700,(anonymous_37)
FN:718,(anonymous_38)
FN:734,(anonymous_39)
FN:744,(anonymous_40)
FN:755,(anonymous_41)
FN:764,(anonymous_42)
FN:772,(anonymous_43)
FN:786,(anonymous_44)
FN:799,(anonymous_45)
FN:815,(anonymous_46)
FN:826,(anonymous_47)
FN:839,(anonymous_48)
FN:852,(anonymous_49)
FN:873,(anonymous_50)
FN:889,(anonymous_51)
FN:894,(anonymous_52)
FN:897,(anonymous_53)
FN:911,(anonymous_54)
FN:921,(anonymous_55)
FN:942,(anonymous_56)
FN:961,(anonymous_57)
FN:963,(anonymous_58)
FN:971,(anonymous_59)
FN:990,(anonymous_60)
FN:1036,(anonymous_61)
FN:1037,(anonymous_62)
FN:1043,(anonymous_63)
FN:1054,(anonymous_64)
FN:1067,(anonymous_65)
FN:1070,(anonymous_66)
FN:1078,(anonymous_67)
FN:1090,(anonymous_68)
FN:1123,(anonymous_69)
FN:1138,(anonymous_70)
FN:1145,(anonymous_71)
FN:1155,(anonymous_72)
FN:1185,(anonymous_73)
FN:1240,(anonymous_74)
FN:1255,(anonymous_75)
FN:1274,(anonymous_76)
FN:1281,(anonymous_77)
FN:1293,(anonymous_78)
FN:1328,(anonymous_79)
FN:1355,(anonymous_80)
FN:1362,(anonymous_81)
FN:1390,(anonymous_82)
FN:1402,(anonymous_83)
FN:1422,(anonymous_84)
FN:1433,(anonymous_85)
FN:1444,(anonymous_86)
FN:1456,(anonymous_87)
FN:1466,(anonymous_88)
FN:1478,(anonymous_89)
FN:1489,(anonymous_90)
FN:1498,(anonymous_91)
FN:1506,(anonymous_92)
FN:1517,(anonymous_93)
FN:1529,(anonymous_94)
FN:1540,(anonymous_95)
FN:1554,(anonymous_96)
FN:1564,(anonymous_97)
FN:1572,(anonymous_98)
FN:1582,(anonymous_99)
FN:1590,(anonymous_100)
FN:1601,(anonymous_101)
FN:1611,(anonymous_102)
FN:1627,(anonymous_103)
FNF:104
FNH:0
FNDA:0,(anonymous_0)
FNDA:0,(anonymous_1)
FNDA:0,(anonymous_2)
FNDA:0,(anonymous_3)
FNDA:0,(anonymous_4)
FNDA:0,(anonymous_5)
FNDA:0,(anonymous_6)
FNDA:0,(anonymous_7)
FNDA:0,(anonymous_8)
FNDA:0,(anonymous_9)
FNDA:0,(anonymous_10)
FNDA:0,(anonymous_11)
FNDA:0,(anonymous_12)
FNDA:0,(anonymous_13)
FNDA:0,(anonymous_14)
FNDA:0,(anonymous_15)
FNDA:0,(anonymous_16)
FNDA:0,(anonymous_17)
FNDA:0,(anonymous_18)
FNDA:0,(anonymous_19)
FNDA:0,(anonymous_20)
FNDA:0,(anonymous_21)
FNDA:0,(anonymous_22)
FNDA:0,(anonymous_23)
FNDA:0,(anonymous_24)
FNDA:0,(anonymous_25)
FNDA:0,(anonymous_26)
FNDA:0,(anonymous_27)
FNDA:0,(anonymous_28)
FNDA:0,(anonymous_29)
FNDA:0,(anonymous_30)
FNDA:0,(anonymous_31)
FNDA:0,(anonymous_32)
FNDA:0,(anonymous_33)
FNDA:0,(anonymous_34)
FNDA:0,(anonymous_35)
FNDA:0,(anonymous_36)
FNDA:0,(anonymous_37)
FNDA:0,(anonymous_38)
FNDA:0,(anonymous_39)
FNDA:0,(anonymous_40)
FNDA:0,(anonymous_41)
FNDA:0,(anonymous_42)
FNDA:0,(anonymous_43)
FNDA:0,(anonymous_44)
FNDA:0,(anonymous_45)
FNDA:0,(anonymous_46)
FNDA:0,(anonymous_47)
FNDA:0,(anonymous_48)
FNDA:0,(anonymous_49)
FNDA:0,(anonymous_50)
FNDA:0,(anonymous_51)
FNDA:0,(anonymous_52)
FNDA:0,(anonymous_53)
FNDA:0,(anonymous_54)
FNDA:0,(anonymous_55)
FNDA:0,(anonymous_56)
FNDA:0,(anonymous_57)
FNDA:0,(anonymous_58)
FNDA:0,(anonymous_59)
FNDA:0,(anonymous_60)
FNDA:0,(anonymous_61)
FNDA:0,(anonymous_62)
FNDA:0,(anonymous_63)
FNDA:0,(anonymous_64)
FNDA:0,(anonymous_65)
FNDA:0,(anonymous_66)
FNDA:0,(anonymous_67)
FNDA:0,(anonymous_68)
FNDA:0,(anonymous_69)
FNDA:0,(anonymous_70)
FNDA:0,(anonymous_71)
FNDA:0,(anonymous_72)
FNDA:0,(anonymous_73)
FNDA:0,(anonymous_74)
FNDA:0,(anonymous_75)
FNDA:0,(anonymous_76)
FNDA:0,(anonymous_77)
FNDA:0,(anonymous_78)
FNDA:0,(anonymous_79)
FNDA:0,(anonymous_80)
FNDA:0,(anonymous_81)
FNDA:0,(anonymous_82)
FNDA:0,(anonymous_83)
FNDA:0,(anonymous_84)
FNDA:0,(anonymous_85)
FNDA:0,(anonymous_86)
FNDA:0,(anonymous_87)
FNDA:0,(anonymous_88)
FNDA:0,(anonymous_89)
FNDA:0,(anonymous_90)
FNDA:0,(anonymous_91)
FNDA:0,(anonymous_92)
FNDA:0,(anonymous_93)
FNDA:0,(anonymous_94)
FNDA:0,(anonymous_95)
FNDA:0,(anonymous_96)
FNDA:0,(anonymous_97)
FNDA:0,(anonymous_98)
FNDA:0,(anonymous_99)
FNDA:0,(anonymous_100)
FNDA:0,(anonymous_101)
FNDA:0,(anonymous_102)
FNDA:0,(anonymous_103)
DA:23,0
DA:126,0
DA:128,0
DA:129,0
DA:133,0
DA:134,0
DA:135,0
DA:136,0
DA:141,0
DA:142,0
DA:143,0
DA:144,0
DA:145,0
DA:151,0
DA:152,0
DA:153,0
DA:154,0
DA:156,0
DA:157,0
DA:162,0
DA:163,0
DA:164,0
DA:165,0
DA:169,0
DA:173,0
DA:175,0
DA:176,0
DA:179,0
DA:180,0
DA:184,0
DA:186,0
DA:187,0
DA:189,0
DA:191,0
DA:192,0
DA:193,0
DA:194,0
DA:195,0
DA:197,0
DA:198,0
DA:200,0
DA:201,0
DA:202,0
DA:203,0
DA:204,0
DA:207,0
DA:210,0
DA:211,0
DA:214,0
DA:216,0
DA:217,0
DA:218,0
DA:219,0
DA:220,0
DA:222,0
DA:223,0
DA:226,0
DA:228,0
DA:229,0
DA:231,0
DA:233,0
DA:234,0
DA:236,0
DA:239,0
DA:249,0
DA:250,0
DA:251,0
DA:255,0
DA:256,0
DA:257,0
DA:271,0
DA:272,0
DA:273,0
DA:277,0
DA:279,0
DA:281,0
DA:282,0
DA:284,0
DA:285,0
DA:287,0
DA:288,0
DA:290,0
DA:291,0
DA:293,0
DA:294,0
DA:296,0
DA:300,0
DA:301,0
DA:302,0
DA:303,0
DA:305,0
DA:306,0
DA:307,0
DA:308,0
DA:309,0
DA:310,0
DA:311,0
DA:313,0
DA:317,0
DA:328,0
DA:329,0
DA:330,0
DA:340,0
DA:341,0
DA:351,0
DA:352,0
DA:362,0
DA:363,0
DA:373,0
DA:374,0
DA:384,0
DA:385,0
DA:387,0
DA:388,0
DA:389,0
DA:392,0
DA:393,0
DA:394,0
DA:397,0
DA:398,0
DA:402,0
DA:403,0
DA:404,0
DA:405,0
DA:406,0
DA:414,0
DA:415,0
DA:416,0
DA:418,0
DA:427,0
DA:428,0
DA:429,0
DA:442,0
DA:451,0
DA:452,0
DA:459,0
DA:471,0
DA:472,0
DA:473,0
DA:477,0
DA:488,0
DA:490,0
DA:491,0
DA:506,0
DA:507,0
DA:516,0
DA:517,0
DA:518,0
DA:519,0
DA:520,0
DA:521,0
DA:522,0
DA:531,0
DA:532,0
DA:533,0
DA:534,0
DA:535,0
DA:536,0
DA:537,0
DA:547,0
DA:548,0
DA:549,0
DA:550,0
DA:551,0
DA:553,0
DA:554,0
DA:557,0
DA:567,0
DA:568,0
DA:570,0
DA:571,0
DA:575,0
DA:576,0
DA:577,0
DA:578,0
DA:588,0
DA:589,0
DA:590,0
DA:592,0
DA:600,0
DA:601,0
DA:610,0
DA:611,0
DA:613,0
DA:623,0
DA:624,0
DA:625,0
DA:626,0
DA:630,0
DA:631,0
DA:632,0
DA:650,0
DA:669,0
DA:670,0
DA:673,0
DA:674,0
DA:675,0
DA:679,0
DA:680,0
DA:681,0
DA:685,0
DA:686,0
DA:690,0
DA:691,0
DA:692,0
DA:695,0
DA:696,0
DA:697,0
DA:701,0
DA:702,0
DA:704,0
DA:705,0
DA:706,0
DA:709,0
DA:719,0
DA:720,0
DA:721,0
DA:722,0
DA:724,0
DA:735,0
DA:745,0
DA:746,0
DA:747,0
DA:749,0
DA:756,0
DA:765,0
DA:773,0
DA:774,0
DA:775,0
DA:777,0
DA:787,0
DA:788,0
DA:789,0
DA:800,0
DA:801,0
DA:804,0
DA:805,0
DA:806,0
DA:816,0
DA:817,0
DA:827,0
DA:828,0
DA:829,0
DA:830,0
DA:840,0
DA:841,0
DA:842,0
DA:843,0
DA:844,0
DA:845,0
DA:853,0
DA:854,0
DA:855,0
DA:856,0
DA:857,0
DA:861,0
DA:862,0
DA:864,0
DA:874,0
DA:875,0
DA:876,0
DA:877,0
DA:880,0
DA:890,0
DA:891,0
DA:893,0
DA:894,0
DA:898,0
DA:899,0
DA:900,0
DA:901,0
DA:912,0
DA:914,0
DA:915,0
DA:918,0
DA:922,0
DA:923,0
DA:925,0
DA:926,0
DA:927,0
DA:928,0
DA:930,0
DA:933,0
DA:943,0
DA:948,0
DA:949,0
DA:950,0
DA:951,0
DA:952,0
DA:953,0
DA:962,0
DA:963,0
DA:972,0
DA:973,0
DA:975,0
DA:976,0
DA:978,0
DA:979,0
DA:984,0
DA:985,0
DA:986,0
DA:988,0
DA:989,0
DA:990,0
DA:992,0
DA:994,0
DA:1001,0
DA:1003,0
DA:1005,0
DA:1008,0
DA:1009,0
DA:1012,0
DA:1015,0
DA:1016,0
DA:1018,0
DA:1020,0
DA:1021,0
DA:1026,0
DA:1027,0
DA:1028,0
DA:1029,0
DA:1033,0
DA:1037,0
DA:1044,0
DA:1045,0
DA:1055,0
DA:1056,0
DA:1057,0
DA:1058,0
DA:1068,0
DA:1069,0
DA:1070,0
DA:1073,0
DA:1074,0
DA:1076,0
DA:1078,0
DA:1079,0
DA:1080,0
DA:1091,0
DA:1092,0
DA:1093,0
DA:1094,0
DA:1098,0
DA:1099,0
DA:1100,0
DA:1101,0
DA:1106,0
DA:1107,0
DA:1108,0
DA:1109,0
DA:1110,0
DA:1111,0
DA:1112,0
DA:1118,0
DA:1119,0
DA:1124,0
DA:1125,0
DA:1126,0
DA:1127,0
DA:1128,0
DA:1130,0
DA:1139,0
DA:1146,0
DA:1156,0
DA:1157,0
DA:1160,0
DA:1161,0
DA:1162,0
DA:1163,0
DA:1164,0
DA:1165,0
DA:1168,0
DA:1169,0
DA:1170,0
DA:1171,0
DA:1172,0
DA:1175,0
DA:1182,0
DA:1186,0
DA:1242,0
DA:1243,0
DA:1244,0
DA:1245,0
DA:1247,0
DA:1256,0
DA:1257,0
DA:1258,0
DA:1261,0
DA:1264,0
DA:1265,0
DA:1269,0
DA:1270,0
DA:1273,0
DA:1275,0
DA:1276,0
DA:1277,0
DA:1278,0
DA:1279,0
DA:1282,0
DA:1283,0
DA:1284,0
DA:1285,0
DA:1287,0
DA:1290,0
DA:1294,0
DA:1296,0
DA:1297,0
DA:1298,0
DA:1302,0
DA:1303,0
DA:1304,0
DA:1306,0
DA:1311,0
DA:1312,0
DA:1315,0
DA:1316,0
DA:1317,0
DA:1320,0
DA:1323,0
DA:1325,0
DA:1329,0
DA:1330,0
DA:1332,0
DA:1334,0
DA:1335,0
DA:1336,0
DA:1338,0
DA:1346,0
DA:1348,0
DA:1352,0
DA:1356,0
DA:1357,0
DA:1358,0
DA:1363,0
DA:1364,0
DA:1366,0
DA:1367,0
DA:1368,0
DA:1369,0
DA:1371,0
DA:1373,0
DA:1377,0
DA:1379,0
DA:1383,0
DA:1391,0
DA:1403,0
DA:1404,0
DA:1406,0
DA:1407,0
DA:1408,0
DA:1410,0
DA:1413,0
DA:1423,0
DA:1424,0
DA:1434,0
DA:1435,0
DA:1445,0
DA:1446,0
DA:1457,0
DA:1467,0
DA:1479,0
DA:1490,0
DA:1499,0
DA:1507,0
DA:1518,0
DA:1530,0
DA:1541,0
DA:1542,0
DA:1555,0
DA:1565,0
DA:1573,0
DA:1583,0
DA:1591,0
DA:1601,0
DA:1612,0
DA:1613,0
DA:1614,0
DA:1615,0
DA:1616,0
DA:1617,0
DA:1618,0
DA:1619,0
DA:1620,0
DA:1628,0
DA:1636,0
LF:485
LH:0
BRDA:128,0,0,0
BRDA:128,0,1,0
BRDA:128,1,0,0
BRDA:128,1,1,0
BRDA:135,2,0,0
BRDA:135,2,1,0
BRDA:141,3,0,0
BRDA:141,3,1,0
BRDA:144,4,0,0
BRDA:144,4,1,0
BRDA:151,5,0,0
BRDA:151,5,1,0
BRDA:153,6,0,0
BRDA:153,6,1,0
BRDA:153,7,0,0
BRDA:153,7,1,0
BRDA:153,7,2,0
BRDA:156,8,0,0
BRDA:156,8,1,0
BRDA:156,9,0,0
BRDA:156,9,1,0
BRDA:156,9,2,0
BRDA:162,10,0,0
BRDA:162,10,1,0
BRDA:175,11,0,0
BRDA:175,11,1,0
BRDA:175,12,0,0
BRDA:175,12,1,0
BRDA:179,13,0,0
BRDA:179,13,1,0
BRDA:184,14,0,0
BRDA:184,14,1,0
BRDA:184,14,2,0
BRDA:184,14,3,0
BRDA:184,14,4,0
BRDA:186,15,0,0
BRDA:186,15,1,0
BRDA:191,16,0,0
BRDA:191,16,1,0
BRDA:193,17,0,0
BRDA:193,17,1,0
BRDA:194,18,0,0
BRDA:194,18,1,0
BRDA:194,19,0,0
BRDA:194,19,1,0
BRDA:197,20,0,0
BRDA:197,20,1,0
BRDA:197,21,0,0
BRDA:197,21,1,0
BRDA:200,22,0,0
BRDA:200,22,1,0
BRDA:203,23,0,0
BRDA:203,23,1,0
BRDA:210,24,0,0
BRDA:210,24,1,0
BRDA:210,25,0,0
BRDA:210,25,1,0
BRDA:216,26,0,0
BRDA:216,26,1,0
BRDA:216,27,0,0
BRDA:216,27,1,0
BRDA:218,28,0,0
BRDA:218,28,1,0
BRDA:219,29,0,0
BRDA:219,29,1,0
BRDA:219,30,0,0
BRDA:219,30,1,0
BRDA:222,31,0,0
BRDA:222,31,1,0
BRDA:222,32,0,0
BRDA:222,32,1,0
BRDA:228,33,0,0
BRDA:228,33,1,0
BRDA:228,34,0,0
BRDA:228,34,1,0
BRDA:228,34,2,0
BRDA:233,35,0,0
BRDA:233,35,1,0
BRDA:248,36,0,0
BRDA:255,37,0,0
BRDA:255,37,1,0
BRDA:270,38,0,0
BRDA:270,39,0,0
BRDA:279,40,0,0
BRDA:279,40,1,0
BRDA:279,40,2,0
BRDA:279,40,3,0
BRDA:279,40,4,0
BRDA:279,40,5,0
BRDA:281,41,0,0
BRDA:281,41,1,0
BRDA:284,42,0,0
BRDA:284,42,1,0
BRDA:287,43,0,0
BRDA:287,43,1,0
BRDA:287,44,0,0
BRDA:287,44,1,0
BRDA:290,45,0,0
BRDA:290,45,1,0
BRDA:290,46,0,0
BRDA:290,46,1,0
BRDA:290,46,2,0
BRDA:293,47,0,0
BRDA:293,47,1,0
BRDA:300,48,0,0
BRDA:300,48,1,0
BRDA:301,49,0,0
BRDA:301,49,1,0
BRDA:302,50,0,0
BRDA:302,50,1,0
BRDA:302,51,0,0
BRDA:302,51,1,0
BRDA:303,52,0,0
BRDA:303,52,1,0
BRDA:303,53,0,0
BRDA:303,53,1,0
BRDA:305,54,0,0
BRDA:305,54,1,0
BRDA:306,55,0,0
BRDA:306,55,1,0
BRDA:306,56,0,0
BRDA:306,56,1,0
BRDA:307,57,0,0
BRDA:307,57,1,0
BRDA:307,58,0,0
BRDA:307,58,1,0
BRDA:308,59,0,0
BRDA:308,59,1,0
BRDA:310,60,0,0
BRDA:310,60,1,0
BRDA:313,61,0,0
BRDA:313,61,1,0
BRDA:313,62,0,0
BRDA:313,62,1,0
BRDA:327,63,0,0
BRDA:329,64,0,0
BRDA:329,64,1,0
BRDA:330,65,0,0
BRDA:330,65,1,0
BRDA:339,66,0,0
BRDA:350,67,0,0
BRDA:352,68,0,0
BRDA:352,68,1,0
BRDA:361,69,0,0
BRDA:363,70,0,0
BRDA:363,70,1,0
BRDA:363,71,0,0
BRDA:363,71,1,0
BRDA:372,72,0,0
BRDA:374,73,0,0
BRDA:374,73,1,0
BRDA:374,74,0,0
BRDA:374,74,1,0
BRDA:374,74,2,0
BRDA:385,75,0,0
BRDA:385,75,1,0
BRDA:392,76,0,0
BRDA:392,76,1,0
BRDA:402,77,0,0
BRDA:402,77,1,0
BRDA:403,78,0,0
BRDA:403,78,1,0
BRDA:404,79,0,0
BRDA:404,79,1,0
BRDA:405,80,0,0
BRDA:405,80,1,0
BRDA:428,81,0,0
BRDA:428,81,1,0
BRDA:470,82,0,0
BRDA:493,83,0,0
BRDA:493,83,1,0
BRDA:506,84,0,0
BRDA:506,84,1,0
BRDA:515,85,0,0
BRDA:517,86,0,0
BRDA:517,86,1,0
BRDA:522,87,0,0
BRDA:522,87,1,0
BRDA:532,88,0,0
BRDA:532,88,1,0
BRDA:537,89,0,0
BRDA:537,89,1,0
BRDA:548,90,0,0
BRDA:548,90,1,0
BRDA:549,91,0,0
BRDA:549,91,1,0
BRDA:567,92,0,0
BRDA:567,92,1,0
BRDA:576,93,0,0
BRDA:576,93,1,0
BRDA:599,94,0,0
BRDA:611,95,0,0
BRDA:611,95,1,0
BRDA:622,96,0,0
BRDA:630,97,0,0
BRDA:630,97,1,0
BRDA:649,98,0,0
BRDA:653,99,0,0
BRDA:653,99,1,0
BRDA:654,100,0,0
BRDA:654,100,1,0
BRDA:655,101,0,0
BRDA:655,101,1,0
BRDA:656,102,0,0
BRDA:656,102,1,0
BRDA:657,103,0,0
BRDA:657,103,1,0
BRDA:668,104,0,0
BRDA:670,105,0,0
BRDA:670,105,1,0
BRDA:670,106,0,0
BRDA:670,106,1,0
BRDA:673,107,0,0
BRDA:673,107,1,0
BRDA:675,108,0,0
BRDA:675,108,1,0
BRDA:679,109,0,0
BRDA:679,109,1,0
BRDA:679,110,0,0
BRDA:679,110,1,0
BRDA:681,111,0,0
BRDA:681,111,1,0
BRDA:685,112,0,0
BRDA:685,112,1,0
BRDA:685,113,0,0
BRDA:685,113,1,0
BRDA:686,114,0,0
BRDA:686,114,1,0
BRDA:691,115,0,0
BRDA:691,115,1,0
BRDA:706,116,0,0
BRDA:706,116,1,0
BRDA:734,117,0,0
BRDA:744,118,0,0
BRDA:765,119,0,0
BRDA:765,119,1,0
BRDA:799,120,0,0
BRDA:799,121,0,0
BRDA:800,122,0,0
BRDA:800,122,1,0
BRDA:815,123,0,0
BRDA:817,124,0,0
BRDA:817,124,1,0
BRDA:828,125,0,0
BRDA:828,125,1,0
BRDA:829,126,0,0
BRDA:829,126,1,0
BRDA:829,127,0,0
BRDA:829,127,1,0
BRDA:841,128,0,0
BRDA:841,128,1,0
BRDA:842,129,0,0
BRDA:842,129,1,0
BRDA:842,130,0,0
BRDA:842,130,1,0
BRDA:853,131,0,0
BRDA:853,131,1,0
BRDA:855,132,0,0
BRDA:855,132,1,0
BRDA:876,133,0,0
BRDA:876,133,1,0
BRDA:876,134,0,0
BRDA:876,134,1,0
BRDA:890,135,0,0
BRDA:890,135,1,0
BRDA:899,136,0,0
BRDA:899,136,1,0
BRDA:927,137,0,0
BRDA:927,137,1,0
BRDA:927,138,0,0
BRDA:927,138,1,0
BRDA:942,139,0,0
BRDA:943,140,0,0
BRDA:943,140,1,0
BRDA:948,141,0,0
BRDA:948,141,1,0
BRDA:949,142,0,0
BRDA:949,142,1,0
BRDA:950,143,0,0
BRDA:950,143,1,0
BRDA:951,144,0,0
BRDA:951,144,1,0
BRDA:961,145,0,0
BRDA:971,146,0,0
BRDA:972,147,0,0
BRDA:975,148,0,0
BRDA:975,148,1,0
BRDA:975,149,0,0
BRDA:975,149,1,0
BRDA:978,150,0,0
BRDA:978,150,1,0
BRDA:978,151,0,0
BRDA:978,151,1,0
BRDA:986,152,0,0
BRDA:986,152,1,0
BRDA:992,153,0,0
BRDA:992,153,1,0
BRDA:998,154,0,0
BRDA:998,154,1,0
BRDA:1003,155,0,0
BRDA:1003,155,1,0
BRDA:1008,156,0,0
BRDA:1008,156,1,0
BRDA:1026,157,0,0
BRDA:1026,157,1,0
BRDA:1033,158,0,0
BRDA:1033,158,1,0
BRDA:1068,159,0,0
BRDA:1068,159,1,0
BRDA:1073,160,0,0
BRDA:1073,160,1,0
BRDA:1080,161,0,0
BRDA:1080,161,1,0
BRDA:1093,162,0,0
BRDA:1093,162,1,0
BRDA:1099,163,0,0
BRDA:1099,163,1,0
BRDA:1110,164,0,0
BRDA:1110,164,1,0
BRDA:1124,165,0,0
BRDA:1124,165,1,0
BRDA:1127,166,0,0
BRDA:1127,166,1,0
BRDA:1127,167,0,0
BRDA:1127,167,1,0
BRDA:1138,168,0,0
BRDA:1155,169,0,0
BRDA:1170,170,0,0
BRDA:1170,170,1,0
BRDA:1234,171,0,0
BRDA:1234,171,1,0
BRDA:1234,172,0,0
BRDA:1234,172,1,0
BRDA:1243,173,0,0
BRDA:1243,173,1,0
BRDA:1255,174,0,0
BRDA:1256,175,0,0
BRDA:1256,175,1,0
BRDA:1264,176,0,0
BRDA:1264,176,1,0
BRDA:1264,177,0,0
BRDA:1264,177,1,0
BRDA:1264,177,2,0
BRDA:1269,178,0,0
BRDA:1269,178,1,0
BRDA:1269,179,0,0
BRDA:1269,179,1,0
BRDA:1284,180,0,0
BRDA:1284,180,1,0
BRDA:1296,181,0,0
BRDA:1296,181,1,0
BRDA:1303,182,0,0
BRDA:1303,182,1,0
BRDA:1329,183,0,0
BRDA:1329,183,1,0
BRDA:1329,184,0,0
BRDA:1329,184,1,0
BRDA:1330,185,0,0
BRDA:1330,185,1,0
BRDA:1330,186,0,0
BRDA:1330,186,1,0
BRDA:1338,187,0,0
BRDA:1338,187,1,0
BRDA:1339,188,0,0
BRDA:1339,188,1,0
BRDA:1339,188,2,0
BRDA:1339,188,3,0
BRDA:1339,188,4,0
BRDA:1339,188,5,0
BRDA:1362,189,0,0
BRDA:1364,190,0,0
BRDA:1364,190,1,0
BRDA:1364,191,0,0
BRDA:1364,191,1,0
BRDA:1367,192,0,0
BRDA:1367,192,1,0
BRDA:1371,193,0,0
BRDA:1371,193,1,0
BRDA:1373,194,0,0
BRDA:1373,194,1,0
BRDA:1374,195,0,0
BRDA:1374,195,1,0
BRDA:1374,195,2,0
BRDA:1374,195,3,0
BRDA:1374,195,4,0
BRDA:1374,195,5,0
BRDA:1402,196,0,0
BRDA:1407,197,0,0
BRDA:1407,197,1,0
BRDA:1407,198,0,0
BRDA:1407,198,1,0
BRDA:1407,198,2,0
BRDA:1413,199,0,0
BRDA:1413,199,1,0
BRDA:1422,200,0,0
BRDA:1433,201,0,0
BRDA:1435,202,0,0
BRDA:1435,202,1,0
BRDA:1444,203,0,0
BRDA:1446,204,0,0
BRDA:1446,204,1,0
BRDA:1446,205,0,0
BRDA:1446,205,1,0
BRDA:1554,206,0,0
BRDA:1554,207,0,0
BRDA:1593,208,0,0
BRDA:1593,208,1,0
BRDA:1601,209,0,0
BRDA:1601,209,1,0
BRF:409
BRH:0
end_of_record
TN:
SF:background\rule-optimizer.js
FN:3,(anonymous_0)
FN:7,(anonymous_1)
FN:23,(anonymous_2)
FN:37,(anonymous_3)
FN:45,(anonymous_4)
FN:60,(anonymous_5)
FN:61,(anonymous_6)
FN:62,(anonymous_7)
FN:63,(anonymous_8)
FN:72,(anonymous_9)
FN:96,(anonymous_10)
FN:112,(anonymous_11)
FN:146,(anonymous_12)
FN:154,(anonymous_13)
FN:162,(anonymous_14)
FN:163,(anonymous_15)
FN:175,(anonymous_16)
FN:188,(anonymous_17)
FN:189,(anonymous_18)
FNF:19
FNH:0
FNDA:0,(anonymous_0)
FNDA:0,(anonymous_1)
FNDA:0,(anonymous_2)
FNDA:0,(anonymous_3)
FNDA:0,(anonymous_4)
FNDA:0,(anonymous_5)
FNDA:0,(anonymous_6)
FNDA:0,(anonymous_7)
FNDA:0,(anonymous_8)
FNDA:0,(anonymous_9)
FNDA:0,(anonymous_10)
FNDA:0,(anonymous_11)
FNDA:0,(anonymous_12)
FNDA:0,(anonymous_13)
FNDA:0,(anonymous_14)
FNDA:0,(anonymous_15)
FNDA:0,(anonymous_16)
FNDA:0,(anonymous_17)
FNDA:0,(anonymous_18)
DA:4,0
DA:8,0
DA:9,0
DA:11,0
DA:12,0
DA:13,0
DA:14,0
DA:15,0
DA:17,0
DA:18,0
DA:19,0
DA:24,0
DA:25,0
DA:26,0
DA:27,0
DA:28,0
DA:29,0
DA:30,0
DA:32,0
DA:34,0
DA:35,0
DA:36,0
DA:37,0
DA:38,0
DA:42,0
DA:46,0
DA:47,0
DA:61,0
DA:62,0
DA:63,0
DA:65,0
DA:73,0
DA:76,0
DA:77,0
DA:78,0
DA:79,0
DA:80,0
DA:81,0
DA:82,0
DA:83,0
DA:86,0
DA:87,0
DA:88,0
DA:89,0
DA:92,0
DA:97,0
DA:98,0
DA:99,0
DA:100,0
DA:102,0
DA:103,0
DA:104,0
DA:107,0
DA:109,0
DA:114,0
DA:115,0
DA:118,0
DA:119,0
DA:120,0
DA:123,0
DA:124,0
DA:125,0
DA:126,0
DA:129,0
DA:130,0
DA:131,0
DA:132,0
DA:135,0
DA:136,0
DA:137,0
DA:141,0
DA:143,0
DA:148,0
DA:149,0
DA:150,0
DA:151,0
DA:155,0
DA:156,0
DA:157,0
DA:158,0
DA:163,0
DA:164,0
DA:165,0
DA:167,0
DA:168,0
DA:169,0
DA:171,0
DA:176,0
DA:177,0
DA:178,0
DA:179,0
DA:180,0
DA:181,0
DA:182,0
DA:183,0
DA:184,0
DA:185,0
DA:189,0
LF:98
LH:0
BRDA:28,0,0,0
BRDA:28,0,1,0
BRDA:35,1,0,0
BRDA:35,1,1,0
BRDA:38,2,0,0
BRDA:38,2,1,0
BRDA:46,3,0,0
BRDA:46,3,1,0
BRDA:73,4,0,0
BRDA:73,4,1,0
BRDA:78,5,0,0
BRDA:78,5,1,0
BRDA:79,6,0,0
BRDA:79,6,1,0
BRDA:80,7,0,0
BRDA:80,7,1,0
BRDA:82,8,0,0
BRDA:82,8,1,0
BRDA:88,9,0,0
BRDA:88,9,1,0
BRDA:103,10,0,0
BRDA:103,10,1,0
BRDA:104,11,0,0
BRDA:104,11,1,0
BRDA:107,12,0,0
BRDA:107,12,1,0
BRDA:114,13,0,0
BRDA:114,13,1,0
BRDA:114,14,0,0
BRDA:114,14,1,0
BRDA:115,15,0,0
BRDA:115,15,1,0
BRDA:118,16,0,0
BRDA:118,16,1,0
BRDA:118,17,0,0
BRDA:118,17,1,0
BRDA:119,18,0,0
BRDA:119,18,1,0
BRDA:120,19,0,0
BRDA:120,19,1,0
BRDA:120,20,0,0
BRDA:120,20,1,0
BRDA:123,21,0,0
BRDA:123,21,1,0
BRDA:123,22,0,0
BRDA:123,22,1,0
BRDA:125,23,0,0
BRDA:125,23,1,0
BRDA:126,24,0,0
BRDA:126,24,1,0
BRDA:126,25,0,0
BRDA:126,25,1,0
BRDA:129,26,0,0
BRDA:129,26,1,0
BRDA:129,27,0,0
BRDA:129,27,1,0
BRDA:131,28,0,0
BRDA:131,28,1,0
BRDA:132,29,0,0
BRDA:132,29,1,0
BRDA:132,30,0,0
BRDA:132,30,1,0
BRDA:135,31,0,0
BRDA:135,31,1,0
BRDA:135,32,0,0
BRDA:135,32,1,0
BRDA:137,33,0,0
BRDA:137,33,1,0
BRDA:141,34,0,0
BRDA:141,34,1,0
BRDA:141,35,0,0
BRDA:141,35,1,0
BRDA:141,36,0,0
BRDA:141,36,1,0
BRDA:148,37,0,0
BRDA:148,37,1,0
BRDA:148,38,0,0
BRDA:148,38,1,0
BRDA:149,39,0,0
BRDA:149,39,1,0
BRDA:149,40,0,0
BRDA:149,40,1,0
BRDA:150,41,0,0
BRDA:150,41,1,0
BRDA:155,42,0,0
BRDA:155,42,1,0
BRDA:156,43,0,0
BRDA:156,43,1,0
BRDA:157,44,0,0
BRDA:157,44,1,0
BRDA:164,45,0,0
BRDA:164,45,1,0
BRDA:164,46,0,0
BRDA:164,46,1,0
BRDA:165,47,0,0
BRDA:165,47,1,0
BRDA:168,48,0,0
BRDA:168,48,1,0
BRDA:168,49,0,0
BRDA:168,49,1,0
BRDA:169,50,0,0
BRDA:169,50,1,0
BRDA:169,51,0,0
BRDA:169,51,1,0
BRDA:176,52,0,0
BRDA:176,52,1,0
BRDA:178,53,0,0
BRDA:178,53,1,0
BRDA:179,54,0,0
BRDA:179,54,1,0
BRDA:180,55,0,0
BRDA:180,55,1,0
BRDA:181,56,0,0
BRDA:181,56,1,0
BRDA:182,57,0,0
BRDA:182,57,1,0
BRDA:183,58,0,0
BRDA:183,58,1,0
BRDA:184,59,0,0
BRDA:184,59,1,0
BRF:120
BRH:0
end_of_record
TN:
SF:background\service-worker.js
FN:20,initialize
FN:54,(anonymous_1)
FN:59,applyAllRules
FN:61,(anonymous_3)
FN:62,(anonymous_4)
FN:86,(anonymous_5)
FN:91,(anonymous_6)
FN:93,(anonymous_7)
FN:94,(anonymous_8)
FN:105,chunkArray
FN:112,(anonymous_10)
FN:119,(anonymous_11)
FN:120,(anonymous_12)
FN:120,(anonymous_13)
FN:128,(anonymous_14)
FN:129,(anonymous_15)
FN:137,(anonymous_16)
FN:202,(anonymous_17)
FN:206,addCustomRule
FN:215,removeCustomRule
FN:217,(anonymous_20)
FN:222,addExceptionRule
FN:238,(anonymous_22)
FN:246,(anonymous_23)
FN:251,(anonymous_24)
FN:251,(anonymous_25)
FN:262,matchPattern
FN:271,diagnoseWhiteVideo
FN:272,(anonymous_28)
FN:275,(anonymous_29)
FN:299,(anonymous_30)
FN:312,diagnoseBlockRateDrop
FN:336,(anonymous_32)
FN:337,(anonymous_33)
FN:338,(anonymous_34)
FN:352,(anonymous_35)
FNF:36
FNH:0
FNDA:0,initialize
FNDA:0,(anonymous_1)
FNDA:0,applyAllRules
FNDA:0,(anonymous_3)
FNDA:0,(anonymous_4)
FNDA:0,(anonymous_5)
FNDA:0,(anonymous_6)
FNDA:0,(anonymous_7)
FNDA:0,(anonymous_8)
FNDA:0,chunkArray
FNDA:0,(anonymous_10)
FNDA:0,(anonymous_11)
FNDA:0,(anonymous_12)
FNDA:0,(anonymous_13)
FNDA:0,(anonymous_14)
FNDA:0,(anonymous_15)
FNDA:0,(anonymous_16)
FNDA:0,(anonymous_17)
FNDA:0,addCustomRule
FNDA:0,removeCustomRule
FNDA:0,(anonymous_20)
FNDA:0,addExceptionRule
FNDA:0,(anonymous_22)
FNDA:0,(anonymous_23)
FNDA:0,(anonymous_24)
FNDA:0,(anonymous_25)
FNDA:0,matchPattern
FNDA:0,diagnoseWhiteVideo
FNDA:0,(anonymous_28)
FNDA:0,(anonymous_29)
FNDA:0,(anonymous_30)
FNDA:0,diagnoseBlockRateDrop
FNDA:0,(anonymous_32)
FNDA:0,(anonymous_33)
FNDA:0,(anonymous_34)
FNDA:0,(anonymous_35)
DA:11,0
DA:12,0
DA:13,0
DA:14,0
DA:16,0
DA:17,0
DA:21,0
DA:23,0
DA:24,0
DA:34,0
DA:37,0
DA:40,0
DA:43,0
DA:46,0
DA:48,0
DA:49,0
DA:52,0
DA:54,0
DA:55,0
DA:60,0
DA:61,0
DA:62,0
DA:63,0
DA:64,0
DA:67,0
DA:68,0
DA:71,0
DA:74,0
DA:75,0
DA:76,0
DA:77,0
DA:81,0
DA:82,0
DA:85,0
DA:86,0
DA:89,0
DA:90,0
DA:91,0
DA:92,0
DA:93,0
DA:94,0
DA:95,0
DA:102,0
DA:106,0
DA:107,0
DA:108,0
DA:112,0
DA:113,0
DA:114,0
DA:115,0
DA:116,0
DA:117,0
DA:119,0
DA:120,0
DA:122,0
DA:128,0
DA:129,0
DA:130,0
DA:132,0
DA:133,0
DA:135,0
DA:136,0
DA:137,0
DA:138,0
DA:139,0
DA:140,0
DA:142,0
DA:143,0
DA:145,0
DA:146,0
DA:147,0
DA:149,0
DA:150,0
DA:151,0
DA:153,0
DA:154,0
DA:156,0
DA:157,0
DA:158,0
DA:159,0
DA:161,0
DA:162,0
DA:163,0
DA:164,0
DA:166,0
DA:167,0
DA:168,0
DA:169,0
DA:171,0
DA:172,0
DA:174,0
DA:175,0
DA:177,0
DA:178,0
DA:179,0
DA:181,0
DA:182,0
DA:184,0
DA:185,0
DA:186,0
DA:188,0
DA:189,0
DA:190,0
DA:192,0
DA:193,0
DA:194,0
DA:196,0
DA:197,0
DA:198,0
DA:202,0
DA:203,0
DA:207,0
DA:208,0
DA:209,0
DA:210,0
DA:211,0
DA:212,0
DA:216,0
DA:217,0
DA:218,0
DA:219,0
DA:223,0
DA:224,0
DA:225,0
DA:233,0
DA:234,0
DA:238,0
DA:239,0
DA:240,0
DA:241,0
DA:246,0
DA:247,0
DA:249,0
DA:250,0
DA:251,0
DA:253,0
DA:254,0
DA:255,0
DA:256,0
DA:259,0
DA:263,0
DA:264,0
DA:265,0
DA:267,0
DA:272,0
DA:273,0
DA:276,0
DA:277,0
DA:278,0
DA:280,0
DA:299,0
DA:313,0
DA:315,0
DA:316,0
DA:318,0
DA:319,0
DA:320,0
DA:321,0
DA:322,0
DA:324,0
DA:328,0
DA:335,0
DA:336,0
DA:337,0
DA:338,0
DA:341,0
DA:342,0
DA:344,0
DA:346,0
DA:348,0
DA:352,0
DA:353,0
DA:354,0
DA:355,0
DA:356,0
DA:357,0
DA:358,0
DA:362,0
DA:365,0
LF:179
LH:0
BRDA:24,0,0,0
BRDA:24,0,1,0
BRDA:48,1,0,0
BRDA:48,1,1,0
BRDA:60,2,0,0
BRDA:60,2,1,0
BRDA:63,3,0,0
BRDA:63,3,1,0
BRDA:67,4,0,0
BRDA:67,4,1,0
BRDA:86,5,0,0
BRDA:86,5,1,0
BRDA:93,6,0,0
BRDA:93,6,1,0
BRDA:113,7,0,0
BRDA:113,7,1,0
BRDA:116,8,0,0
BRDA:116,8,1,0
BRDA:130,9,0,0
BRDA:130,9,1,0
BRDA:130,9,2,0
BRDA:130,9,3,0
BRDA:130,9,4,0
BRDA:130,9,5,0
BRDA:130,9,6,0
BRDA:130,9,7,0
BRDA:130,9,8,0
BRDA:130,9,9,0
BRDA:130,9,10,0
BRDA:130,9,11,0
BRDA:130,9,12,0
BRDA:130,9,13,0
BRDA:130,9,14,0
BRDA:130,9,15,0
BRDA:138,10,0,0
BRDA:138,10,1,0
BRDA:162,11,0,0
BRDA:162,11,1,0
BRDA:171,12,0,0
BRDA:171,12,1,0
BRDA:171,13,0,0
BRDA:171,13,1,0
BRDA:209,14,0,0
BRDA:209,14,1,0
BRDA:217,15,0,0
BRDA:217,15,1,0
BRDA:224,16,0,0
BRDA:224,16,1,0
BRDA:239,17,0,0
BRDA:239,17,1,0
BRDA:240,18,0,0
BRDA:240,18,1,0
BRDA:240,19,0,0
BRDA:240,19,1,0
BRDA:247,20,0,0
BRDA:247,20,1,0
BRDA:250,21,0,0
BRDA:250,21,1,0
BRDA:254,22,0,0
BRDA:254,22,1,0
BRDA:263,23,0,0
BRDA:263,23,1,0
BRDA:282,24,0,0
BRDA:282,24,1,0
BRDA:282,25,0,0
BRDA:282,25,1,0
BRDA:282,25,2,0
BRDA:282,25,3,0
BRDA:282,25,4,0
BRDA:286,26,0,0
BRDA:286,26,1,0
BRDA:294,27,0,0
BRDA:294,27,1,0
BRDA:319,28,0,0
BRDA:319,28,1,0
BRDA:319,29,0,0
BRDA:319,29,1,0
BRDA:321,30,0,0
BRDA:321,30,1,0
BRDA:341,31,0,0
BRDA:341,31,1,0
BRDA:353,32,0,0
BRDA:353,32,1,0
BRDA:356,33,0,0
BRDA:356,33,1,0
BRF:85
BRH:0
end_of_record
TN:
SF:background\statistics-tracker.js
FN:14,(anonymous_0)
FN:33,(anonymous_1)
FN:47,(anonymous_2)
FN:50,(anonymous_3)
FN:59,(anonymous_4)
FN:97,(anonymous_5)
FN:118,(anonymous_6)
FN:159,(anonymous_7)
FN:161,(anonymous_8)
FN:163,(anonymous_9)
FN:169,(anonymous_10)
FN:191,(anonymous_11)
FN:196,(anonymous_12)
FN:207,(anonymous_13)
FN:213,(anonymous_14)
FN:221,(anonymous_15)
FN:268,(anonymous_16)
FN:282,(anonymous_17)
FNF:18
FNH:0
FNDA:0,(anonymous_0)
FNDA:0,(anonymous_1)
FNDA:0,(anonymous_2)
FNDA:0,(anonymous_3)
FNDA:0,(anonymous_4)
FNDA:0,(anonymous_5)
FNDA:0,(anonymous_6)
FNDA:0,(anonymous_7)
FNDA:0,(anonymous_8)
FNDA:0,(anonymous_9)
FNDA:0,(anonymous_10)
FNDA:0,(anonymous_11)
FNDA:0,(anonymous_12)
FNDA:0,(anonymous_13)
FNDA:0,(anonymous_14)
FNDA:0,(anonymous_15)
FNDA:0,(anonymous_16)
FNDA:0,(anonymous_17)
DA:15,0
DA:29,0
DA:30,0
DA:34,0
DA:36,0
DA:37,0
DA:38,0
DA:39,0
DA:40,0
DA:43,0
DA:47,0
DA:50,0
DA:52,0
DA:53,0
DA:60,0
DA:61,0
DA:62,0
DA:64,0
DA:65,0
DA:66,0
DA:69,0
DA:72,0
DA:73,0
DA:77,0
DA:80,0
DA:83,0
DA:84,0
DA:86,0
DA:87,0
DA:90,0
DA:98,0
DA:99,0
DA:100,0
DA:102,0
DA:103,0
DA:105,0
DA:107,0
DA:108,0
DA:111,0
DA:119,0
DA:120,0
DA:121,0
DA:123,0
DA:127,0
DA:131,0
DA:160,0
DA:161,0
DA:163,0
DA:170,0
DA:184,0
DA:185,0
DA:192,0
DA:194,0
DA:195,0
DA:196,0
DA:197,0
DA:200,0
DA:208,0
DA:214,0
DA:215,0
DA:217,0
DA:222,0
DA:224,0
DA:229,0
DA:232,0
DA:234,0
DA:237,0
DA:239,0
DA:242,0
DA:243,0
DA:246,0
DA:250,0
DA:253,0
DA:258,0
DA:261,0
DA:262,0
DA:265,0
DA:269,0
DA:270,0
DA:271,0
DA:272,0
DA:273,0
DA:274,0
DA:275,0
DA:276,0
DA:277,0
DA:278,0
DA:279,0
DA:283,0
DA:284,0
DA:303,0
LF:91
LH:0
BRDA:34,0,0,0
BRDA:34,0,1,0
BRDA:38,1,0,0
BRDA:38,1,1,0
BRDA:59,2,0,0
BRDA:59,3,0,0
BRDA:69,4,0,0
BRDA:69,4,1,0
BRDA:72,5,0,0
BRDA:72,5,1,0
BRDA:73,6,0,0
BRDA:73,6,1,0
BRDA:77,7,0,0
BRDA:77,7,1,0
BRDA:80,8,0,0
BRDA:80,8,1,0
BRDA:83,9,0,0
BRDA:83,9,1,0
BRDA:86,10,0,0
BRDA:86,10,1,0
BRDA:86,11,0,0
BRDA:86,11,1,0
BRDA:105,12,0,0
BRDA:105,12,1,0
BRDA:107,13,0,0
BRDA:107,13,1,0
BRDA:107,14,0,0
BRDA:107,14,1,0
BRDA:123,15,0,0
BRDA:123,15,1,0
BRDA:127,16,0,0
BRDA:127,16,1,0
BRDA:159,17,0,0
BRDA:192,18,0,0
BRDA:192,18,1,0
BRDA:224,19,0,0
BRDA:224,19,1,0
BRDA:224,20,0,0
BRDA:224,20,1,0
BRDA:224,20,2,0
BRDA:224,20,3,0
BRDA:224,20,4,0
BRDA:224,20,5,0
BRDA:224,20,6,0
BRDA:224,20,7,0
BRDA:224,20,8,0
BRDA:224,20,9,0
BRDA:232,21,0,0
BRDA:232,21,1,0
BRDA:232,22,0,0
BRDA:232,22,1,0
BRDA:232,22,2,0
BRDA:232,22,3,0
BRDA:237,23,0,0
BRDA:237,23,1,0
BRDA:237,24,0,0
BRDA:237,24,1,0
BRDA:237,24,2,0
BRDA:242,25,0,0
BRDA:242,25,1,0
BRDA:242,26,0,0
BRDA:242,26,1,0
BRDA:246,27,0,0
BRDA:246,27,1,0
BRDA:246,28,0,0
BRDA:246,28,1,0
BRDA:246,28,2,0
BRDA:246,28,3,0
BRDA:246,28,4,0
BRDA:246,28,5,0
BRDA:246,28,6,0
BRDA:246,28,7,0
BRDA:253,29,0,0
BRDA:253,29,1,0
BRDA:253,30,0,0
BRDA:253,30,1,0
BRDA:253,30,2,0
BRDA:253,30,3,0
BRDA:253,30,4,0
BRDA:253,30,5,0
BRDA:253,30,6,0
BRDA:253,30,7,0
BRDA:253,30,8,0
BRDA:253,30,9,0
BRDA:261,31,0,0
BRDA:261,31,1,0
BRDA:261,32,0,0
BRDA:261,32,1,0
BRDA:270,33,0,0
BRDA:270,33,1,0
BRDA:271,34,0,0
BRDA:271,34,1,0
BRDA:272,35,0,0
BRDA:272,35,1,0
BRDA:273,36,0,0
BRDA:273,36,1,0
BRDA:274,37,0,0
BRDA:274,37,1,0
BRDA:275,38,0,0
BRDA:275,38,1,0
BRDA:275,39,0,0
BRDA:275,39,1,0
BRDA:275,39,2,0
BRDA:275,39,3,0
BRDA:277,40,0,0
BRDA:277,40,1,0
BRDA:277,41,0,0
BRDA:277,41,1,0
BRDA:277,41,2,0
BRDA:278,42,0,0
BRDA:278,42,1,0
BRDA:278,43,0,0
BRDA:278,43,1,0
BRDA:278,43,2,0
BRDA:284,44,0,0
BRDA:284,44,1,0
BRDA:284,44,2,0
BRDA:284,44,3,0
BRDA:284,44,4,0
BRDA:284,44,5,0
BRDA:284,44,6,0
BRDA:284,44,7,0
BRDA:284,44,8,0
BRDA:284,44,9,0
BRDA:284,44,10,0
BRDA:284,44,11,0
BRF:126
BRH:0
end_of_record
TN:
SF:background\storage-engine.js
FN:13,(anonymous_0)
FN:17,(anonymous_1)
FN:18,(anonymous_2)
FN:19,(anonymous_3)
FN:20,(anonymous_4)
FN:21,(anonymous_5)
FN:26,(anonymous_6)
FN:33,(anonymous_7)
FN:34,(anonymous_8)
FN:35,(anonymous_9)
FN:42,(anonymous_10)
FN:43,(anonymous_11)
FN:44,(anonymous_12)
FN:51,(anonymous_13)
FN:52,(anonymous_14)
FN:53,(anonymous_15)
FN:60,(anonymous_16)
FN:61,(anonymous_17)
FN:62,(anonymous_18)
FN:69,(anonymous_19)
FN:70,(anonymous_20)
FN:71,(anonymous_21)
FN:81,(anonymous_22)
FN:86,(anonymous_23)
FN:87,(anonymous_24)
FN:88,(anonymous_25)
FN:95,(anonymous_26)
FN:96,(anonymous_27)
FN:97,(anonymous_28)
FN:104,(anonymous_29)
FN:105,(anonymous_30)
FN:106,(anonymous_31)
FN:113,(anonymous_32)
FN:114,(anonymous_33)
FN:115,(anonymous_34)
FN:122,(anonymous_35)
FN:123,(anonymous_36)
FN:124,(anonymous_37)
FN:134,(anonymous_38)
FN:141,(anonymous_39)
FN:144,(anonymous_40)
FN:147,(anonymous_41)
FN:148,(anonymous_42)
FN:153,(anonymous_43)
FN:165,(anonymous_44)
FN:170,(anonymous_45)
FN:177,(anonymous_46)
FN:182,(anonymous_47)
FN:189,(anonymous_48)
FN:193,(anonymous_49)
FN:201,(anonymous_50)
FN:202,(anonymous_51)
FN:206,(anonymous_52)
FN:210,(anonymous_53)
FN:218,(anonymous_54)
FN:219,(anonymous_55)
FN:223,(anonymous_56)
FN:226,(anonymous_57)
FN:230,(anonymous_58)
FN:231,(anonymous_59)
FN:241,(anonymous_60)
FN:247,(anonymous_61)
FN:251,(anonymous_62)
FN:277,(anonymous_63)
FN:280,(anonymous_64)
FN:314,(anonymous_65)
FN:322,(anonymous_66)
FN:327,(anonymous_67)
FN:328,(anonymous_68)
FN:332,(anonymous_69)
FN:348,(anonymous_70)
FN:349,(anonymous_71)
FN:368,(anonymous_72)
FN:373,(anonymous_73)
FN:377,(anonymous_74)
FN:396,(anonymous_75)
FN:402,(anonymous_76)
FN:408,(anonymous_77)
FN:413,(anonymous_78)
FN:418,(anonymous_79)
FN:441,(anonymous_80)
FN:452,(anonymous_81)
FN:472,(anonymous_82)
FN:496,(anonymous_83)
FN:498,(anonymous_84)
FN:504,(anonymous_85)
FN:510,(anonymous_86)
FN:516,(anonymous_87)
FN:522,(anonymous_88)
FN:551,(anonymous_89)
FN:553,(anonymous_90)
FN:601,(anonymous_91)
FN:632,(anonymous_92)
FN:641,(anonymous_93)
FN:643,(anonymous_94)
FN:649,(anonymous_95)
FN:658,(anonymous_96)
FN:668,(anonymous_97)
FN:678,(anonymous_98)
FN:687,(anonymous_99)
FN:690,(anonymous_100)
FN:699,(anonymous_101)
FN:704,(anonymous_102)
FNF:103
FNH:0
FNDA:0,(anonymous_0)
FNDA:0,(anonymous_1)
FNDA:0,(anonymous_2)
FNDA:0,(anonymous_3)
FNDA:0,(anonymous_4)
FNDA:0,(anonymous_5)
FNDA:0,(anonymous_6)
FNDA:0,(anonymous_7)
FNDA:0,(anonymous_8)
FNDA:0,(anonymous_9)
FNDA:0,(anonymous_10)
FNDA:0,(anonymous_11)
FNDA:0,(anonymous_12)
FNDA:0,(anonymous_13)
FNDA:0,(anonymous_14)
FNDA:0,(anonymous_15)
FNDA:0,(anonymous_16)
FNDA:0,(anonymous_17)
FNDA:0,(anonymous_18)
FNDA:0,(anonymous_19)
FNDA:0,(anonymous_20)
FNDA:0,(anonymous_21)
FNDA:0,(anonymous_22)
FNDA:0,(anonymous_23)
FNDA:0,(anonymous_24)
FNDA:0,(anonymous_25)
FNDA:0,(anonymous_26)
FNDA:0,(anonymous_27)
FNDA:0,(anonymous_28)
FNDA:0,(anonymous_29)
FNDA:0,(anonymous_30)
FNDA:0,(anonymous_31)
FNDA:0,(anonymous_32)
FNDA:0,(anonymous_33)
FNDA:0,(anonymous_34)
FNDA:0,(anonymous_35)
FNDA:0,(anonymous_36)
FNDA:0,(anonymous_37)
FNDA:0,(anonymous_38)
FNDA:0,(anonymous_39)
FNDA:0,(anonymous_40)
FNDA:0,(anonymous_41)
FNDA:0,(anonymous_42)
FNDA:0,(anonymous_43)
FNDA:0,(anonymous_44)
FNDA:0,(anonymous_45)
FNDA:0,(anonymous_46)
FNDA:0,(anonymous_47)
FNDA:0,(anonymous_48)
FNDA:0,(anonymous_49)
FNDA:0,(anonymous_50)
FNDA:0,(anonymous_51)
FNDA:0,(anonymous_52)
FNDA:0,(anonymous_53)
FNDA:0,(anonymous_54)
FNDA:0,(anonymous_55)
FNDA:0,(anonymous_56)
FNDA:0,(anonymous_57)
FNDA:0,(anonymous_58)
FNDA:0,(anonymous_59)
FNDA:0,(anonymous_60)
FNDA:0,(anonymous_61)
FNDA:0,(anonymous_62)
FNDA:0,(anonymous_63)
FNDA:0,(anonymous_64)
FNDA:0,(anonymous_65)
FNDA:0,(anonymous_66)
FNDA:0,(anonymous_67)
FNDA:0,(anonymous_68)
FNDA:0,(anonymous_69)
FNDA:0,(anonymous_70)
FNDA:0,(anonymous_71)
FNDA:0,(anonymous_72)
FNDA:0,(anonymous_73)
FNDA:0,(anonymous_74)
FNDA:0,(anonymous_75)
FNDA:0,(anonymous_76)
FNDA:0,(anonymous_77)
FNDA:0,(anonymous_78)
FNDA:0,(anonymous_79)
FNDA:0,(anonymous_80)
FNDA:0,(anonymous_81)
FNDA:0,(anonymous_82)
FNDA:0,(anonymous_83)
FNDA:0,(anonymous_84)
FNDA:0,(anonymous_85)
FNDA:0,(anonymous_86)
FNDA:0,(anonymous_87)
FNDA:0,(anonymous_88)
FNDA:0,(anonymous_89)
FNDA:0,(anonymous_90)
FNDA:0,(anonymous_91)
FNDA:0,(anonymous_92)
FNDA:0,(anonymous_93)
FNDA:0,(anonymous_94)
FNDA:0,(anonymous_95)
FNDA:0,(anonymous_96)
FNDA:0,(anonymous_97)
FNDA:0,(anonymous_98)
FNDA:0,(anonymous_99)
FNDA:0,(anonymous_100)
FNDA:0,(anonymous_101)
FNDA:0,(anonymous_102)
DA:14,0
DA:17,0
DA:18,0
DA:19,0
DA:20,0
DA:21,0
DA:27,0
DA:28,0
DA:29,0
DA:30,0
DA:34,0
DA:35,0
DA:36,0
DA:37,0
DA:43,0
DA:44,0
DA:45,0
DA:46,0
DA:52,0
DA:53,0
DA:54,0
DA:55,0
DA:61,0
DA:62,0
DA:63,0
DA:64,0
DA:70,0
DA:71,0
DA:72,0
DA:73,0
DA:82,0
DA:83,0
DA:87,0
DA:88,0
DA:89,0
DA:90,0
DA:96,0
DA:97,0
DA:98,0
DA:99,0
DA:105,0
DA:106,0
DA:107,0
DA:108,0
DA:114,0
DA:115,0
DA:116,0
DA:117,0
DA:123,0
DA:124,0
DA:125,0
DA:126,0
DA:135,0
DA:136,0
DA:137,0
DA:138,0
DA:142,0
DA:144,0
DA:145,0
DA:147,0
DA:148,0
DA:149,0
DA:150,0
DA:153,0
DA:154,0
DA:155,0
DA:156,0
DA:158,0
DA:159,0
DA:166,0
DA:167,0
DA:168,0
DA:170,0
DA:171,0
DA:172,0
DA:173,0
DA:175,0
DA:176,0
DA:177,0
DA:178,0
DA:179,0
DA:180,0
DA:182,0
DA:185,0
DA:190,0
DA:191,0
DA:193,0
DA:194,0
DA:195,0
DA:197,0
DA:198,0
DA:201,0
DA:202,0
DA:207,0
DA:208,0
DA:210,0
DA:211,0
DA:212,0
DA:214,0
DA:215,0
DA:218,0
DA:219,0
DA:224,0
DA:226,0
DA:227,0
DA:228,0
DA:229,0
DA:230,0
DA:231,0
DA:242,0
DA:244,0
DA:248,0
DA:252,0
DA:253,0
DA:254,0
DA:255,0
DA:257,0
DA:258,0
DA:259,0
DA:260,0
DA:261,0
DA:263,0
DA:264,0
DA:265,0
DA:267,0
DA:271,0
DA:274,0
DA:278,0
DA:279,0
DA:280,0
DA:281,0
DA:282,0
DA:284,0
DA:285,0
DA:288,0
DA:289,0
DA:290,0
DA:291,0
DA:293,0
DA:296,0
DA:298,0
DA:299,0
DA:302,0
DA:305,0
DA:315,0
DA:323,0
DA:324,0
DA:328,0
DA:329,0
DA:333,0
DA:334,0
DA:336,0
DA:342,0
DA:343,0
DA:344,0
DA:345,0
DA:349,0
DA:350,0
DA:351,0
DA:353,0
DA:359,0
DA:369,0
DA:370,0
DA:374,0
DA:378,0
DA:380,0
DA:381,0
DA:382,0
DA:383,0
DA:384,0
DA:387,0
DA:397,0
DA:398,0
DA:399,0
DA:403,0
DA:404,0
DA:405,0
DA:409,0
DA:410,0
DA:414,0
DA:415,0
DA:419,0
DA:420,0
DA:422,0
DA:423,0
DA:425,0
DA:426,0
DA:428,0
DA:429,0
DA:430,0
DA:433,0
DA:434,0
DA:436,0
DA:437,0
DA:442,0
DA:443,0
DA:453,0
DA:461,0
DA:462,0
DA:463,0
DA:464,0
DA:465,0
DA:466,0
DA:467,0
DA:469,0
DA:473,0
DA:476,0
DA:477,0
DA:478,0
DA:479,0
DA:481,0
DA:482,0
DA:483,0
DA:488,0
DA:489,0
DA:492,0
DA:493,0
DA:498,0
DA:499,0
DA:500,0
DA:504,0
DA:505,0
DA:506,0
DA:510,0
DA:511,0
DA:512,0
DA:516,0
DA:517,0
DA:518,0
DA:523,0
DA:524,0
DA:525,0
DA:528,0
DA:529,0
DA:530,0
DA:531,0
DA:534,0
DA:535,0
DA:536,0
DA:537,0
DA:539,0
DA:540,0
DA:552,0
DA:553,0
DA:555,0
DA:557,0
DA:560,0
DA:561,0
DA:562,0
DA:563,0
DA:564,0
DA:565,0
DA:567,0
DA:570,0
DA:573,0
DA:577,0
DA:578,0
DA:579,0
DA:580,0
DA:581,0
DA:582,0
DA:584,0
DA:587,0
DA:590,0
DA:593,0
DA:602,0
DA:605,0
DA:606,0
DA:607,0
DA:608,0
DA:609,0
DA:610,0
DA:612,0
DA:615,0
DA:619,0
DA:620,0
DA:621,0
DA:622,0
DA:623,0
DA:625,0
DA:628,0
DA:631,0
DA:632,0
DA:634,0
DA:635,0
DA:642,0
DA:643,0
DA:650,0
DA:651,0
DA:652,0
DA:659,0
DA:660,0
DA:661,0
DA:662,0
DA:669,0
DA:673,0
DA:679,0
DA:680,0
DA:681,0
DA:682,0
DA:686,0
DA:687,0
DA:688,0
DA:690,0
DA:691,0
DA:694,0
DA:695,0
DA:696,0
DA:700,0
DA:704,0
DA:712,0
LF:311
LH:0
BRDA:36,0,0,0
BRDA:36,0,1,0
BRDA:45,1,0,0
BRDA:45,1,1,0
BRDA:54,2,0,0
BRDA:54,2,1,0
BRDA:63,3,0,0
BRDA:63,3,1,0
BRDA:72,4,0,0
BRDA:72,4,1,0
BRDA:89,5,0,0
BRDA:89,5,1,0
BRDA:98,6,0,0
BRDA:98,6,1,0
BRDA:107,7,0,0
BRDA:107,7,1,0
BRDA:116,8,0,0
BRDA:116,8,1,0
BRDA:125,9,0,0
BRDA:125,9,1,0
BRDA:134,10,0,0
BRDA:134,11,0,0
BRDA:142,12,0,0
BRDA:142,12,1,0
BRDA:155,13,0,0
BRDA:155,13,1,0
BRDA:158,14,0,0
BRDA:158,14,1,0
BRDA:167,15,0,0
BRDA:167,15,1,0
BRDA:178,16,0,0
BRDA:178,16,1,0
BRDA:180,17,0,0
BRDA:180,17,1,0
BRDA:185,18,0,0
BRDA:185,18,1,0
BRDA:208,19,0,0
BRDA:208,19,1,0
BRDA:242,20,0,0
BRDA:242,20,1,0
BRDA:260,21,0,0
BRDA:260,21,1,0
BRDA:264,22,0,0
BRDA:264,22,1,0
BRDA:271,23,0,0
BRDA:271,23,1,0
BRDA:288,24,0,0
BRDA:288,24,1,0
BRDA:290,25,0,0
BRDA:290,25,1,0
BRDA:298,26,0,0
BRDA:298,26,1,0
BRDA:334,27,0,0
BRDA:334,27,1,0
BRDA:378,28,0,0
BRDA:378,28,1,0
BRDA:383,29,0,0
BRDA:383,29,1,0
BRDA:403,30,0,0
BRDA:403,30,1,0
BRDA:409,31,0,0
BRDA:409,31,1,0
BRDA:414,32,0,0
BRDA:414,32,1,0
BRDA:419,33,0,0
BRDA:419,33,1,0
BRDA:429,34,0,0
BRDA:429,34,1,0
BRDA:433,35,0,0
BRDA:433,35,1,0
BRDA:436,36,0,0
BRDA:436,36,1,0
BRDA:452,37,0,0
BRDA:473,38,0,0
BRDA:473,38,1,0
BRDA:476,39,0,0
BRDA:476,39,1,0
BRDA:478,40,0,0
BRDA:478,40,1,0
BRDA:488,41,0,0
BRDA:488,41,1,0
BRDA:499,42,0,0
BRDA:499,42,1,0
BRDA:505,43,0,0
BRDA:505,43,1,0
BRDA:511,44,0,0
BRDA:511,44,1,0
BRDA:517,45,0,0
BRDA:517,45,1,0
BRDA:523,46,0,0
BRDA:524,47,0,0
BRDA:524,47,1,0
BRDA:551,48,0,0
BRDA:555,49,0,0
BRDA:555,49,1,0
BRDA:560,50,0,0
BRDA:560,50,1,0
BRDA:560,51,0,0
BRDA:560,51,1,0
BRDA:563,52,0,0
BRDA:563,52,1,0
BRDA:563,53,0,0
BRDA:563,53,1,0
BRDA:577,54,0,0
BRDA:577,54,1,0
BRDA:580,55,0,0
BRDA:580,55,1,0
BRDA:580,56,0,0
BRDA:580,56,1,0
BRDA:601,57,0,0
BRDA:605,58,0,0
BRDA:605,58,1,0
BRDA:605,59,0,0
BRDA:605,59,1,0
BRDA:609,60,0,0
BRDA:609,60,1,0
BRDA:619,61,0,0
BRDA:619,61,1,0
BRDA:619,62,0,0
BRDA:619,62,1,0
BRDA:619,62,2,0
BRDA:622,63,0,0
BRDA:622,63,1,0
BRDA:622,64,0,0
BRDA:622,64,1,0
BRDA:634,65,0,0
BRDA:634,65,1,0
BRDA:641,66,0,0
BRDA:649,67,0,0
BRDA:650,68,0,0
BRDA:650,68,1,0
BRDA:651,69,0,0
BRDA:651,69,1,0
BRDA:652,70,0,0
BRDA:652,70,1,0
BRDA:658,71,0,0
BRDA:659,72,0,0
BRDA:659,72,1,0
BRDA:679,73,0,0
BRDA:679,73,1,0
BRDA:680,74,0,0
BRDA:680,74,1,0
BRDA:681,75,0,0
BRDA:681,75,1,0
BRDA:682,76,0,0
BRDA:682,76,1,0
BRDA:686,77,0,0
BRDA:686,77,1,0
BRDA:688,78,0,0
BRDA:688,78,1,0
BRDA:688,78,2,0
BRDA:691,79,0,0
BRDA:691,79,1,0
BRDA:691,79,2,0
BRDA:694,80,0,0
BRDA:694,80,1,0
BRDA:695,81,0,0
BRDA:695,81,1,0
BRF:158
BRH:0
end_of_record
TN:
SF:background\telemetry.js
FN:14,generateUUID
FN:15,(anonymous_1)
FN:23,generateCorrelationId
FN:29,(anonymous_3)
FN:66,(anonymous_4)
FN:78,(anonymous_5)
FN:83,(anonymous_6)
FN:88,(anonymous_7)
FN:100,(anonymous_8)
FN:114,(anonymous_9)
FN:126,(anonymous_10)
FN:127,(anonymous_11)
FN:128,(anonymous_12)
FN:135,(anonymous_13)
FN:142,(anonymous_14)
FN:144,(anonymous_15)
FN:145,(anonymous_16)
FN:152,(anonymous_17)
FN:157,(anonymous_18)
FN:164,(anonymous_19)
FN:170,(anonymous_20)
FN:174,(anonymous_21)
FN:181,(anonymous_22)
FN:186,(anonymous_23)
FN:193,(anonymous_24)
FN:199,(anonymous_25)
FN:205,(anonymous_26)
FN:211,(anonymous_27)
FN:213,(anonymous_28)
FN:219,(anonymous_29)
FN:234,(anonymous_30)
FN:247,(anonymous_31)
FN:258,(anonymous_32)
FN:262,(anonymous_33)
FN:271,(anonymous_34)
FN:275,(anonymous_35)
FN:282,(anonymous_36)
FN:291,(anonymous_37)
FN:299,(anonymous_38)
FN:301,(anonymous_39)
FN:301,(anonymous_40)
FN:307,(anonymous_41)
FN:309,(anonymous_42)
FN:311,(anonymous_43)
FN:325,(anonymous_44)
FN:326,(anonymous_45)
FN:334,(anonymous_46)
FN:341,(anonymous_47)
FN:344,(anonymous_48)
FN:346,(anonymous_49)
FN:350,(anonymous_50)
FN:357,(anonymous_51)
FN:375,(anonymous_52)
FN:400,(anonymous_53)
FN:421,(anonymous_54)
FN:436,(anonymous_55)
FN:458,(anonymous_56)
FN:466,(anonymous_57)
FN:473,(anonymous_58)
FN:484,(anonymous_59)
FN:523,(anonymous_60)
FN:537,(anonymous_61)
FN:555,(anonymous_62)
FN:559,(anonymous_63)
FN:562,(anonymous_64)
FN:565,(anonymous_65)
FN:577,(anonymous_66)
FN:581,(anonymous_67)
FN:585,(anonymous_68)
FN:593,(anonymous_69)
FN:603,(anonymous_70)
FN:622,(anonymous_71)
FN:657,(anonymous_72)
FN:661,(anonymous_73)
FN:689,(anonymous_74)
FN:693,(anonymous_75)
FN:714,(anonymous_76)
FN:718,(anonymous_77)
FN:723,(anonymous_78)
FN:741,(anonymous_79)
FN:743,(anonymous_80)
FN:749,(anonymous_81)
FN:763,(anonymous_82)
FN:767,(anonymous_83)
FN:771,(anonymous_84)
FN:775,(anonymous_85)
FN:779,(anonymous_86)
FN:783,(anonymous_87)
FN:787,(anonymous_88)
FN:791,(anonymous_89)
FN:801,(anonymous_90)
FN:815,(anonymous_91)
FN:817,(anonymous_92)
FN:823,(anonymous_93)
FN:830,(anonymous_94)
FN:860,(anonymous_95)
FN:873,(anonymous_96)
FN:883,(anonymous_97)
FN:897,(anonymous_98)
FN:945,(anonymous_99)
FN:949,(anonymous_100)
FN:950,(anonymous_101)
FN:951,(anonymous_102)
FN:954,(anonymous_103)
FN:970,(anonymous_104)
FN:975,(anonymous_105)
FN:978,(anonymous_106)
FN:1013,(anonymous_107)
FN:1017,(anonymous_108)
FN:1021,(anonymous_109)
FN:1025,(anonymous_110)
FN:1029,(anonymous_111)
FN:1042,(anonymous_112)
FN:1050,(anonymous_113)
FN:1067,(anonymous_114)
FN:1094,(anonymous_115)
FN:1111,(anonymous_116)
FN:1119,(anonymous_117)
FN:1127,(anonymous_118)
FN:1135,(anonymous_119)
FN:1143,(anonymous_120)
FN:1144,(anonymous_121)
FN:1144,(anonymous_122)
FN:1148,(anonymous_123)
FN:1153,(anonymous_124)
FN:1157,(anonymous_125)
FN:1161,(anonymous_126)
FN:1166,(anonymous_127)
FN:1176,(anonymous_128)
FN:1180,(anonymous_129)
FN:1186,(anonymous_130)
FN:1191,(anonymous_131)
FN:1195,(anonymous_132)
FN:1200,(anonymous_133)
FN:1205,(anonymous_134)
FN:1209,(anonymous_135)
FN:1214,(anonymous_136)
FN:1233,(anonymous_137)
FN:1255,(anonymous_138)
FN:1263,(anonymous_139)
FN:1265,(anonymous_140)
FN:1269,(anonymous_141)
FN:1277,(anonymous_142)
FN:1279,(anonymous_143)
FN:1317,(anonymous_144)
FN:1332,(anonymous_145)
FN:1345,(anonymous_146)
FN:1352,(anonymous_147)
FNF:148
FNH:0
FNDA:0,generateUUID
FNDA:0,(anonymous_1)
FNDA:0,generateCorrelationId
FNDA:0,(anonymous_3)
FNDA:0,(anonymous_4)
FNDA:0,(anonymous_5)
FNDA:0,(anonymous_6)
FNDA:0,(anonymous_7)
FNDA:0,(anonymous_8)
FNDA:0,(anonymous_9)
FNDA:0,(anonymous_10)
FNDA:0,(anonymous_11)
FNDA:0,(anonymous_12)
FNDA:0,(anonymous_13)
FNDA:0,(anonymous_14)
FNDA:0,(anonymous_15)
FNDA:0,(anonymous_16)
FNDA:0,(anonymous_17)
FNDA:0,(anonymous_18)
FNDA:0,(anonymous_19)
FNDA:0,(anonymous_20)
FNDA:0,(anonymous_21)
FNDA:0,(anonymous_22)
FNDA:0,(anonymous_23)
FNDA:0,(anonymous_24)
FNDA:0,(anonymous_25)
FNDA:0,(anonymous_26)
FNDA:0,(anonymous_27)
FNDA:0,(anonymous_28)
FNDA:0,(anonymous_29)
FNDA:0,(anonymous_30)
FNDA:0,(anonymous_31)
FNDA:0,(anonymous_32)
FNDA:0,(anonymous_33)
FNDA:0,(anonymous_34)
FNDA:0,(anonymous_35)
FNDA:0,(anonymous_36)
FNDA:0,(anonymous_37)
FNDA:0,(anonymous_38)
FNDA:0,(anonymous_39)
FNDA:0,(anonymous_40)
FNDA:0,(anonymous_41)
FNDA:0,(anonymous_42)
FNDA:0,(anonymous_43)
FNDA:0,(anonymous_44)
FNDA:0,(anonymous_45)
FNDA:0,(anonymous_46)
FNDA:0,(anonymous_47)
FNDA:0,(anonymous_48)
FNDA:0,(anonymous_49)
[...]
FNDA:0,(anonymous_27)
FNDA:0,(anonymous_28)
FNDA:0,(anonymous_29)
FNDA:0,(anonymous_30)
FNDA:0,(anonymous_31)
FNDA:0,(anonymous_32)
FNDA:0,(anonymous_33)
FNDA:0,(anonymous_34)
FNDA:0,(anonymous_35)
FNDA:0,(anonymous_36)
FNDA:0,(anonymous_37)
FNDA:0,(anonymous_38)
FNDA:0,(anonymous_39)
FNDA:0,loadXmlDom
FNDA:0,(anonymous_41)
FNDA:0,(anonymous_42)
FNDA:0,(anonymous_43)
FNDA:0,(anonymous_44)
FNDA:0,(anonymous_45)
FNDA:0,(anonymous_46)
FNDA:0,(anonymous_47)
FNDA:0,(anonymous_48)
FNDA:0,(anonymous_49)
FNDA:0,getVMAPVASTParser
FNDA:0,resetVMAPVASTParser
FNDA:0,getServerSideProcessor
FNDA:0,resetServerSideProcessor
DA:9,0
DA:10,0
DA:13,0
DA:82,0
DA:84,0
DA:85,0
DA:87,0
DA:88,0
DA:91,0
DA:92,0
DA:93,0
DA:94,0
DA:98,0
DA:99,0
DA:100,0
DA:101,0
DA:105,0
DA:106,0
DA:107,0
DA:108,0
DA:109,0
DA:114,0
DA:115,0
DA:116,0
DA:117,0
DA:122,0
DA:123,0
DA:124,0
DA:125,0
DA:130,0
DA:131,0
DA:134,0
DA:135,0
DA:136,0
DA:146,0
DA:148,0
DA:149,0
DA:151,0
DA:152,0
DA:154,0
DA:155,0
DA:156,0
DA:157,0
DA:161,0
DA:162,0
DA:163,0
DA:164,0
DA:168,0
DA:169,0
DA:170,0
DA:171,0
DA:175,0
DA:176,0
DA:177,0
DA:178,0
DA:182,0
DA:183,0
DA:184,0
DA:185,0
DA:186,0
DA:191,0
DA:192,0
DA:193,0
DA:194,0
DA:199,0
DA:200,0
DA:201,0
DA:202,0
DA:206,0
DA:207,0
DA:210,0
DA:211,0
DA:212,0
DA:222,0
DA:224,0
DA:225,0
DA:226,0
DA:229,0
DA:230,0
DA:234,0
DA:235,0
DA:239,0
DA:240,0
DA:244,0
DA:245,0
DA:248,0
DA:251,0
DA:252,0
DA:253,0
DA:268,0
DA:270,0
DA:271,0
DA:274,0
DA:275,0
DA:276,0
DA:277,0
DA:278,0
DA:279,0
DA:280,0
DA:282,0
DA:283,0
DA:286,0
DA:287,0
DA:288,0
DA:292,0
DA:293,0
DA:294,0
DA:295,0
DA:296,0
DA:298,0
DA:299,0
DA:300,0
DA:301,0
DA:305,0
DA:306,0
DA:307,0
DA:311,0
DA:312,0
DA:313,0
DA:317,0
DA:319,0
DA:320,0
DA:324,0
DA:325,0
DA:326,0
DA:330,0
DA:331,0
DA:332,0
DA:336,0
DA:337,0
DA:338,0
DA:342,0
DA:343,0
DA:344,0
DA:345,0
DA:350,0
DA:351,0
DA:355,0
DA:356,0
DA:360,0
DA:361,0
DA:362,0
DA:366,0
DA:367,0
DA:368,0
DA:372,0
DA:373,0
DA:375,0
DA:376,0
DA:379,0
DA:382,0
DA:383,0
DA:387,0
DA:392,0
DA:395,0
DA:396,0
DA:397,0
DA:407,0
DA:409,0
DA:410,0
DA:411,0
DA:412,0
DA:414,0
DA:415,0
DA:417,0
DA:418,0
DA:419,0
DA:423,0
DA:424,0
DA:425,0
DA:426,0
DA:427,0
DA:432,0
DA:433,0
DA:434,0
DA:438,0
DA:439,0
DA:440,0
DA:443,0
DA:447,0
DA:453,0
DA:456,0
DA:457,0
DA:458,0
DA:463,0
DA:467,0
DA:477,0
DA:482,0
DA:483,0
DA:484,0
DA:486,0
DA:491,0
DA:492,0
DA:495,0
DA:496,0
DA:497,0
DA:502,0
DA:503,0
DA:504,0
DA:509,0
DA:518,0
DA:519,0
DA:520,0
DA:524,0
DA:537,0
DA:539,0
DA:540,0
DA:543,0
DA:544,0
DA:545,0
DA:546,0
DA:549,0
DA:550,0
DA:551,0
DA:552,0
DA:553,0
DA:558,0
DA:559,0
DA:560,0
DA:561,0
DA:562,0
DA:567,0
DA:568,0
DA:569,0
DA:570,0
DA:571,0
DA:576,0
DA:577,0
DA:578,0
DA:579,0
DA:580,0
DA:585,0
DA:586,0
DA:587,0
DA:588,0
DA:589,0
DA:590,0
DA:595,0
DA:596,0
DA:597,0
DA:598,0
DA:599,0
DA:604,0
DA:605,0
DA:606,0
DA:607,0
DA:612,0
DA:613,0
DA:614,0
DA:615,0
DA:616,0
DA:620,0
DA:621,0
DA:624,0
DA:625,0
DA:626,0
DA:631,0
DA:635,0
DA:636,0
DA:637,0
DA:640,0
DA:649,0
DA:650,0
DA:651,0
DA:656,0
DA:657,0
DA:658,0
DA:659,0
DA:663,0
DA:667,0
DA:668,0
DA:669,0
DA:670,0
DA:673,0
DA:674,0
DA:675,0
DA:676,0
DA:681,0
DA:682,0
DA:683,0
DA:684,0
DA:689,0
DA:690,0
DA:691,0
DA:693,0
DA:694,0
DA:695,0
DA:696,0
DA:702,0
DA:706,0
DA:707,0
DA:708,0
DA:709,0
DA:710,0
DA:713,0
DA:714,0
DA:715,0
DA:716,0
DA:717,0
DA:723,0
DA:724,0
DA:725,0
DA:726,0
DA:731,0
DA:732,0
DA:733,0
DA:734,0
DA:735,0
DA:740,0
DA:741,0
DA:742,0
DA:743,0
DA:744,0
DA:745,0
DA:750,0
DA:751,0
DA:752,0
DA:753,0
DA:754,0
DA:755,0
DA:756,0
DA:757,0
DA:758,0
DA:759,0
DA:765,0
DA:769,0
DA:770,0
DA:771,0
DA:772,0
DA:775,0
DA:776,0
DA:777,0
DA:778,0
DA:783,0
DA:784,0
DA:785,0
DA:786,0
DA:787,0
DA:792,0
DA:793,0
DA:794,0
DA:795,0
DA:796,0
DA:797,0
DA:802,0
DA:803,0
DA:804,0
DA:806,0
DA:807,0
DA:808,0
DA:813,0
DA:817,0
DA:818,0
DA:820,0
DA:821,0
DA:822,0
DA:826,0
DA:827,0
DA:828,0
DA:832,0
DA:836,0
DA:837,0
DA:840,0
DA:841,0
DA:842,0
DA:843,0
DA:844,0
DA:845,0
DA:846,0
DA:848,0
DA:852,0
DA:856,0
DA:857,0
DA:859,0
DA:860,0
DA:861,0
DA:864,0
DA:865,0
DA:866,0
DA:869,0
DA:874,0
DA:875,0
DA:876,0
DA:877,0
DA:878,0
DA:879,0
DA:893,0
DA:896,0
DA:897,0
DA:901,0
DA:902,0
DA:906,0
DA:907,0
DA:911,0
DA:913,0
DA:914,0
DA:916,0
DA:920,0
DA:921,0
DA:922,0
DA:923,0
DA:927,0
DA:936,0
DA:944,0
DA:945,0
DA:946,0
DA:949,0
DA:958,0
DA:959,0
DA:960,0
DA:961,0
DA:963,0
DA:973,0
DA:974,0
DA:975,0
DA:983,0
DA:984,0
DA:987,0
DA:988,0
DA:989,0
DA:991,0
DA:995,0
DA:996,0
DA:998,0
DA:1007,0
DA:1014,0
DA:1015,0
DA:1016,0
DA:1017,0
DA:1019,0
DA:1027,0
DA:1029,0
DA:1030,0
DA:1031,0
DA:1032,0
DA:1034,0
DA:1035,0
DA:1036,0
DA:1037,0
DA:1038,0
DA:1040,0
DA:1044,0
DA:1045,0
DA:1046,0
DA:1047,0
DA:1049,0
DA:1050,0
DA:1051,0
DA:1052,0
DA:1054,0
DA:1055,0
DA:1056,0
DA:1057,0
DA:1058,0
DA:1059,0
DA:1060,0
DA:1066,0
DA:1067,0
DA:1068,0
DA:1069,0
DA:1070,0
DA:1071,0
DA:1077,0
DA:1078,0
DA:1079,0
DA:1080,0
DA:1081,0
DA:1082,0
DA:1083,0
DA:1084,0
DA:1090,0
DA:1094,0
DA:1098,0
DA:1106,0
DA:1109,0
DA:1110,0
DA:1112,0
DA:1117,0
DA:1118,0
DA:1122,0
DA:1123,0
DA:1124,0
DA:1130,0
DA:1138,0
DA:1139,0
DA:1141,0
DA:1148,0
DA:1149,0
DA:1156,0
DA:1157,0
DA:1164,0
DA:1165,0
DA:1166,0
DA:1168,0
DA:1175,0
DA:1176,0
DA:1183,0
DA:1184,0
DA:1188,0
DA:1189,0
DA:1197,0
DA:1200,0
DA:1201,0
DA:1203,0
DA:1207,0
DA:1208,0
DA:1212,0
DA:1215,0
DA:1216,0
DA:1218,0
DA:1222,0
DA:1223,0
DA:1234,0
DA:1235,0
LF:514
LH:0
BRDA:8,0,0,0
BRDA:82,1,0,0
BRDA:82,1,1,0
BRDA:92,2,0,0
BRDA:92,2,1,0
BRDA:107,3,0,0
BRDA:107,3,1,0
BRDA:116,4,0,0
BRDA:116,4,1,0
BRDA:124,5,0,0
BRDA:124,5,1,0
BRDA:146,6,0,0
BRDA:146,6,1,0
BRDA:155,7,0,0
BRDA:155,7,1,0
BRDA:184,8,0,0
BRDA:184,8,1,0
BRDA:193,9,0,0
BRDA:193,9,1,0
BRDA:201,10,0,0
BRDA:201,10,1,0
BRDA:222,11,0,0
BRDA:222,11,1,0
BRDA:229,12,0,0
BRDA:229,12,1,0
BRDA:234,13,0,0
BRDA:234,13,1,0
BRDA:239,14,0,0
BRDA:239,14,1,0
BRDA:244,15,0,0
BRDA:244,15,1,0
BRDA:267,16,0,0
BRDA:268,17,0,0
BRDA:268,17,1,0
BRDA:270,18,0,0
BRDA:270,18,1,0
BRDA:286,19,0,0
BRDA:286,19,1,0
BRDA:292,20,0,0
BRDA:292,20,1,0
BRDA:292,21,0,0
BRDA:292,21,1,0
BRDA:298,22,0,0
BRDA:298,22,1,0
BRDA:305,23,0,0
BRDA:305,23,1,0
BRDA:305,24,0,0
BRDA:305,24,1,0
BRDA:311,25,0,0
BRDA:311,25,1,0
BRDA:311,26,0,0
BRDA:311,26,1,0
BRDA:317,27,0,0
BRDA:317,27,1,0
BRDA:317,28,0,0
BRDA:317,28,1,0
BRDA:317,28,2,0
BRDA:317,28,3,0
BRDA:324,29,0,0
BRDA:324,29,1,0
BRDA:324,30,0,0
BRDA:324,30,1,0
BRDA:330,31,0,0
BRDA:330,31,1,0
BRDA:330,32,0,0
BRDA:330,32,1,0
BRDA:336,33,0,0
BRDA:336,33,1,0
BRDA:337,34,0,0
BRDA:337,34,1,0
BRDA:342,35,0,0
BRDA:342,35,1,0
BRDA:350,36,0,0
BRDA:350,36,1,0
BRDA:350,37,0,0
BRDA:350,37,1,0
BRDA:355,38,0,0
BRDA:355,38,1,0
BRDA:355,39,0,0
BRDA:355,39,1,0
BRDA:355,39,2,0
BRDA:360,40,0,0
BRDA:360,40,1,0
BRDA:360,41,0,0
BRDA:360,41,1,0
BRDA:366,42,0,0
BRDA:366,42,1,0
BRDA:366,43,0,0
BRDA:366,43,1,0
BRDA:372,44,0,0
BRDA:372,44,1,0
BRDA:372,45,0,0
BRDA:372,45,1,0
BRDA:382,46,0,0
BRDA:382,46,1,0
BRDA:407,47,0,0
BRDA:407,47,1,0
BRDA:407,48,0,0
BRDA:407,48,1,0
BRDA:417,49,0,0
BRDA:417,49,1,0
BRDA:423,50,0,0
BRDA:423,50,1,0
BRDA:424,51,0,0
BRDA:424,51,1,0
BRDA:432,52,0,0
BRDA:432,52,1,0
BRDA:432,53,0,0
BRDA:432,53,1,0
BRDA:438,54,0,0
BRDA:438,54,1,0
BRDA:438,55,0,0
BRDA:438,55,1,0
BRDA:467,56,0,0
BRDA:467,56,1,0
BRDA:467,56,2,0
BRDA:467,56,3,0
BRDA:467,56,4,0
BRDA:467,56,5,0
BRDA:467,56,6,0
BRDA:477,57,0,0
BRDA:477,57,1,0
BRDA:483,58,0,0
BRDA:483,58,1,0
BRDA:492,59,0,0
BRDA:492,59,1,0
BRDA:496,60,0,0
BRDA:496,60,1,0
BRDA:503,61,0,0
BRDA:503,61,1,0
BRDA:519,62,0,0
BRDA:519,62,1,0
BRDA:537,63,0,0
BRDA:537,63,1,0
BRDA:539,64,0,0
BRDA:539,64,1,0
BRDA:551,65,0,0
BRDA:551,65,1,0
BRDA:560,66,0,0
BRDA:560,66,1,0
BRDA:569,67,0,0
BRDA:569,67,1,0
BRDA:578,68,0,0
BRDA:578,68,1,0
BRDA:587,69,0,0
BRDA:587,69,1,0
BRDA:588,70,0,0
BRDA:588,70,1,0
BRDA:589,71,0,0
BRDA:589,71,1,0
BRDA:589,72,0,0
BRDA:589,72,1,0
BRDA:597,73,0,0
BRDA:597,73,1,0
BRDA:598,74,0,0
BRDA:598,74,1,0
BRDA:598,75,0,0
BRDA:598,75,1,0
BRDA:598,75,2,0
BRDA:606,76,0,0
BRDA:606,76,1,0
BRDA:614,77,0,0
BRDA:614,77,1,0
BRDA:615,78,0,0
BRDA:615,78,1,0
BRDA:615,79,0,0
BRDA:615,79,1,0
BRDA:631,80,0,0
BRDA:631,80,1,0
BRDA:635,81,0,0
BRDA:635,81,1,0
BRDA:636,82,0,0
BRDA:636,82,1,0
BRDA:637,83,0,0
BRDA:637,83,1,0
BRDA:650,84,0,0
BRDA:650,84,1,0
BRDA:658,85,0,0
BRDA:658,85,1,0
BRDA:667,86,0,0
BRDA:667,86,1,0
BRDA:668,87,0,0
BRDA:668,87,1,0
BRDA:669,88,0,0
BRDA:669,88,1,0
BRDA:670,89,0,0
BRDA:670,89,1,0
BRDA:675,90,0,0
BRDA:675,90,1,0
BRDA:683,91,0,0
BRDA:683,91,1,0
BRDA:689,92,0,0
BRDA:689,92,1,0
BRDA:691,93,0,0
BRDA:691,93,1,0
BRDA:691,94,0,0
BRDA:691,94,1,0
BRDA:695,95,0,0
BRDA:695,95,1,0
BRDA:706,96,0,0
BRDA:706,96,1,0
BRDA:707,97,0,0
BRDA:707,97,1,0
BRDA:708,98,0,0
BRDA:708,98,1,0
BRDA:709,99,0,0
BRDA:709,99,1,0
BRDA:710,100,0,0
BRDA:710,100,1,0
BRDA:716,101,0,0
BRDA:716,101,1,0
BRDA:725,102,0,0
BRDA:725,102,1,0
BRDA:733,103,0,0
BRDA:733,103,1,0
BRDA:734,104,0,0
BRDA:734,104,1,0
BRDA:742,105,0,0
BRDA:742,105,1,0
BRDA:743,106,0,0
BRDA:743,106,1,0
BRDA:744,107,0,0
BRDA:744,107,1,0
BRDA:744,108,0,0
BRDA:744,108,1,0
BRDA:752,109,0,0
BRDA:752,109,1,0
BRDA:753,110,0,0
BRDA:753,110,1,0
BRDA:754,111,0,0
BRDA:754,111,1,0
BRDA:758,112,0,0
BRDA:758,112,1,0
BRDA:769,113,0,0
BRDA:769,113,1,0
BRDA:770,114,0,0
BRDA:770,114,1,0
BRDA:771,115,0,0
BRDA:771,115,1,0
BRDA:772,116,0,0
BRDA:772,116,1,0
BRDA:777,117,0,0
BRDA:777,117,1,0
BRDA:784,118,0,0
BRDA:784,118,1,0
BRDA:785,119,0,0
BRDA:785,119,1,0
BRDA:786,120,0,0
BRDA:786,120,1,0
BRDA:794,121,0,0
BRDA:794,121,1,0
BRDA:795,122,0,0
BRDA:795,122,1,0
BRDA:796,123,0,0
BRDA:796,123,1,0
BRDA:796,124,0,0
BRDA:796,124,1,0
BRDA:802,125,0,0
BRDA:802,125,1,0
BRDA:804,126,0,0
BRDA:804,126,1,0
BRDA:804,127,0,0
BRDA:804,127,1,0
BRDA:807,128,0,0
BRDA:807,128,1,0
BRDA:807,129,0,0
BRDA:807,129,1,0
BRDA:817,130,0,0
BRDA:817,130,1,0
BRDA:821,131,0,0
BRDA:821,131,1,0
BRDA:827,132,0,0
BRDA:827,132,1,0
BRDA:837,133,0,0
BRDA:837,133,1,0
BRDA:842,134,0,0
BRDA:842,134,1,0
BRDA:843,135,0,0
BRDA:843,135,1,0
BRDA:844,136,0,0
BRDA:844,136,1,0
BRDA:846,137,0,0
BRDA:846,137,1,0
BRDA:846,138,0,0
BRDA:846,138,1,0
BRDA:856,139,0,0
BRDA:856,139,1,0
BRDA:857,140,0,0
BRDA:857,140,1,0
BRDA:861,141,0,0
BRDA:861,141,1,0
BRDA:866,142,0,0
BRDA:866,142,1,0
BRDA:875,143,0,0
BRDA:875,143,1,0
BRDA:876,144,0,0
BRDA:876,144,1,0
BRDA:877,145,0,0
BRDA:877,145,1,0
BRDA:878,146,0,0
BRDA:878,146,1,0
BRDA:892,147,0,0
BRDA:893,148,0,0
BRDA:893,148,1,0
BRDA:896,149,0,0
BRDA:896,149,1,0
BRDA:896,150,0,0
BRDA:896,150,1,0
BRDA:901,151,0,0
BRDA:901,151,1,0
BRDA:901,152,0,0
BRDA:901,152,1,0
BRDA:906,153,0,0
BRDA:906,153,1,0
BRDA:911,154,0,0
BRDA:911,154,1,0
BRDA:913,155,0,0
BRDA:913,155,1,0
BRDA:922,156,0,0
BRDA:922,156,1,0
BRDA:922,157,0,0
BRDA:922,157,1,0
BRDA:922,157,2,0
BRDA:936,158,0,0
BRDA:936,158,1,0
BRDA:944,159,0,0
BRDA:944,159,1,0
BRDA:945,160,0,0
BRDA:945,160,1,0
BRDA:946,161,0,0
BRDA:946,161,1,0
BRDA:949,162,0,0
BRDA:949,162,1,0
BRDA:949,162,2,0
BRDA:949,162,3,0
BRDA:949,162,4,0
BRDA:949,162,5,0
BRDA:958,163,0,0
BRDA:958,163,1,0
BRDA:959,164,0,0
BRDA:959,164,1,0
BRDA:963,165,0,0
BRDA:963,165,1,0
BRDA:963,165,2,0
BRDA:963,165,3,0
BRDA:963,165,4,0
BRDA:963,165,5,0
BRDA:963,165,6,0
BRDA:973,166,0,0
BRDA:973,166,1,0
BRDA:975,167,0,0
BRDA:975,167,1,0
BRDA:975,167,2,0
BRDA:975,167,3,0
BRDA:975,167,4,0
BRDA:983,168,0,0
BRDA:983,168,1,0
BRDA:984,169,0,0
BRDA:984,169,1,0
BRDA:991,170,0,0
BRDA:991,170,1,0
BRDA:991,170,2,0
BRDA:991,170,3,0
BRDA:991,170,4,0
BRDA:995,171,0,0
BRDA:995,171,1,0
BRDA:996,172,0,0
BRDA:996,172,1,0
BRDA:998,173,0,0
BRDA:998,173,1,0
BRDA:998,173,2,0
BRDA:998,173,3,0
BRDA:998,173,4,0
BRDA:1007,174,0,0
BRDA:1007,174,1,0
BRDA:1007,174,2,0
BRDA:1007,174,3,0
BRDA:1014,175,0,0
BRDA:1014,175,1,0
BRDA:1016,176,0,0
BRDA:1016,176,1,0
BRDA:1029,177,0,0
BRDA:1029,177,1,0
BRDA:1029,178,0,0
BRDA:1029,178,1,0
BRDA:1038,179,0,0
BRDA:1038,179,1,0
BRDA:1044,180,0,0
BRDA:1044,180,1,0
BRDA:1044,181,0,0
BRDA:1044,181,1,0
BRDA:1054,182,0,0
BRDA:1054,182,1,0
BRDA:1055,183,0,0
BRDA:1055,183,1,0
BRDA:1056,184,0,0
BRDA:1056,184,1,0
BRDA:1058,185,0,0
BRDA:1058,185,1,0
BRDA:1059,186,0,0
BRDA:1059,186,1,0
BRDA:1066,187,0,0
BRDA:1066,187,1,0
BRDA:1070,188,0,0
BRDA:1070,188,1,0
BRDA:1077,189,0,0
BRDA:1077,189,1,0
BRDA:1083,190,0,0
BRDA:1083,190,1,0
BRDA:1109,191,0,0
BRDA:1109,191,1,0
BRDA:1125,192,0,0
BRDA:1125,192,1,0
BRDA:1126,193,0,0
BRDA:1126,193,1,0
BRDA:1138,194,0,0
BRDA:1138,194,1,0
BRDA:1165,195,0,0
BRDA:1165,195,1,0
BRDA:1182,196,0,0
BRDA:1199,197,0,0
BRDA:1200,198,0,0
BRDA:1200,198,1,0
BRDA:1207,199,0,0
BRDA:1207,199,1,0
BRDA:1215,200,0,0
BRDA:1215,200,1,0
BRDA:1222,201,0,0
BRDA:1222,201,1,0
BRDA:1234,202,0,0
BRDA:1234,202,1,0
BRDA:1234,203,0,0
BRDA:1234,203,1,0
BRF:433
BRH:0
end_of_record
TN:
SF:core\youtube-engine\youtube-coordinator.js
FN:14,(anonymous_0)
FN:19,(anonymous_1)
FN:23,(anonymous_2)
FN:36,(anonymous_3)
FN:46,(anonymous_4)
FN:51,(anonymous_5)
FN:55,(anonymous_6)
FN:74,(anonymous_7)
FN:82,(anonymous_8)
FN:84,(anonymous_9)
FN:86,(anonymous_10)
FN:88,(anonymous_11)
FN:88,(anonymous_12)
FN:88,(anonymous_13)
FN:90,(anonymous_14)
FN:92,(anonymous_15)
FN:94,(anonymous_16)
FN:97,isRealMediaFormat
FN:110,stripAdMetadata
FN:118,stripAdPeriods
FN:123,stripAdSegments
FN:127,(anonymous_21)
FN:136,(anonymous_22)
FN:142,(anonymous_23)
FN:147,(anonymous_24)
FN:169,(anonymous_25)
FN:174,(anonymous_26)
FN:188,(anonymous_27)
FN:203,(anonymous_28)
FN:213,(anonymous_29)
FN:224,(anonymous_30)
FN:279,(anonymous_31)
FN:284,(anonymous_32)
FN:296,(anonymous_33)
FN:303,(anonymous_34)
FN:309,(anonymous_35)
FN:314,(anonymous_36)
FN:321,(anonymous_37)
FN:331,(anonymous_38)
FN:341,(anonymous_39)
FN:350,(anonymous_40)
FN:363,(anonymous_41)
FN:371,(anonymous_42)
FN:379,(anonymous_43)
FN:388,(anonymous_44)
FN:397,(anonymous_45)
FN:409,(anonymous_46)
FN:416,(anonymous_47)
FN:426,(anonymous_48)
FN:432,(anonymous_49)
FN:444,(anonymous_50)
FN:453,(anonymous_51)
FN:461,(anonymous_52)
FN:466,(anonymous_53)
FN:476,(anonymous_54)
FN:487,(anonymous_55)
FN:515,(anonymous_56)
FN:527,(anonymous_57)
FN:550,(anonymous_58)
FN:578,(anonymous_59)
FN:596,(anonymous_60)
FN:603,(anonymous_61)
FN:610,(anonymous_62)
FN:617,(anonymous_63)
FN:624,(anonymous_64)
FN:628,(anonymous_65)
FN:637,(anonymous_66)
FN:644,(anonymous_67)
FN:653,(anonymous_68)
FN:662,(anonymous_69)
FN:670,(anonymous_70)
FN:686,(anonymous_71)
FNF:72
FNH:0
FNDA:0,(anonymous_0)
FNDA:0,(anonymous_1)
FNDA:0,(anonymous_2)
FNDA:0,(anonymous_3)
FNDA:0,(anonymous_4)
FNDA:0,(anonymous_5)
FNDA:0,(anonymous_6)
FNDA:0,(anonymous_7)
FNDA:0,(anonymous_8)
FNDA:0,(anonymous_9)
FNDA:0,(anonymous_10)
FNDA:0,(anonymous_11)
FNDA:0,(anonymous_12)
FNDA:0,(anonymous_13)
FNDA:0,(anonymous_14)
FNDA:0,(anonymous_15)
FNDA:0,(anonymous_16)
FNDA:0,isRealMediaFormat
FNDA:0,stripAdMetadata
FNDA:0,stripAdPeriods
FNDA:0,stripAdSegments
FNDA:0,(anonymous_21)
FNDA:0,(anonymous_22)
FNDA:0,(anonymous_23)
FNDA:0,(anonymous_24)
FNDA:0,(anonymous_25)
FNDA:0,(anonymous_26)
FNDA:0,(anonymous_27)
FNDA:0,(anonymous_28)
FNDA:0,(anonymous_29)
FNDA:0,(anonymous_30)
FNDA:0,(anonymous_31)
FNDA:0,(anonymous_32)
FNDA:0,(anonymous_33)
FNDA:0,(anonymous_34)
FNDA:0,(anonymous_35)
FNDA:0,(anonymous_36)
FNDA:0,(anonymous_37)
FNDA:0,(anonymous_38)
FNDA:0,(anonymous_39)
FNDA:0,(anonymous_40)
FNDA:0,(anonymous_41)
FNDA:0,(anonymous_42)
FNDA:0,(anonymous_43)
FNDA:0,(anonymous_44)
FNDA:0,(anonymous_45)
FNDA:0,(anonymous_46)
FNDA:0,(anonymous_47)
FNDA:0,(anonymous_48)
FNDA:0,(anonymous_49)
FNDA:0,(anonymous_50)
FNDA:0,(anonymous_51)
FNDA:0,(anonymous_52)
FNDA:0,(anonymous_53)
FNDA:0,(anonymous_54)
FNDA:0,(anonymous_55)
FNDA:0,(anonymous_56)
FNDA:0,(anonymous_57)
FNDA:0,(anonymous_58)
FNDA:0,(anonymous_59)
FNDA:0,(anonymous_60)
FNDA:0,(anonymous_61)
FNDA:0,(anonymous_62)
FNDA:0,(anonymous_63)
FNDA:0,(anonymous_64)
FNDA:0,(anonymous_65)
FNDA:0,(anonymous_66)
FNDA:0,(anonymous_67)
FNDA:0,(anonymous_68)
FNDA:0,(anonymous_69)
FNDA:0,(anonymous_70)
FNDA:0,(anonymous_71)
DA:15,0
DA:16,0
DA:20,0
DA:24,0
DA:25,0
DA:27,0
DA:28,0
DA:29,0
DA:30,0
DA:33,0
DA:37,0
DA:47,0
DA:48,0
DA:52,0
DA:56,0
DA:58,0
DA:59,0
DA:61,0
DA:62,0
DA:65,0
DA:66,0
DA:68,0
DA:69,0
DA:70,0
DA:75,0
DA:80,0
DA:82,0
DA:84,0
DA:86,0
DA:88,0
DA:90,0
DA:92,0
DA:94,0
DA:98,0
DA:99,0
DA:100,0
DA:102,0
DA:103,0
DA:104,0
DA:105,0
DA:106,0
DA:107,0
DA:111,0
DA:112,0
DA:113,0
DA:114,0
DA:115,0
DA:120,0
DA:125,0
DA:127,0
DA:137,0
DA:138,0
DA:139,0
DA:143,0
DA:144,0
DA:148,0
DA:151,0
DA:152,0
DA:153,0
DA:157,0
DA:158,0
DA:162,0
DA:163,0
DA:166,0
DA:170,0
DA:171,0
DA:173,0
DA:174,0
DA:175,0
DA:176,0
DA:177,0
DA:181,0
DA:184,0
DA:185,0
DA:189,0
DA:190,0
DA:191,0
DA:198,0
DA:199,0
DA:200,0
DA:204,0
DA:214,0
DA:220,0
DA:221,0
DA:225,0
DA:257,0
DA:265,0
DA:271,0
DA:272,0
DA:273,0
DA:276,0
DA:280,0
DA:285,0
DA:286,0
DA:287,0
DA:288,0
DA:289,0
DA:290,0
DA:291,0
DA:293,0
DA:297,0
DA:298,0
DA:299,0
DA:300,0
DA:304,0
DA:305,0
DA:306,0
DA:311,0
DA:315,0
DA:322,0
DA:323,0
DA:324,0
DA:325,0
DA:326,0
DA:332,0
DA:333,0
DA:334,0
DA:335,0
DA:336,0
DA:342,0
DA:343,0
DA:344,0
DA:345,0
DA:351,0
DA:352,0
DA:353,0
DA:354,0
DA:364,0
DA:365,0
DA:366,0
DA:367,0
DA:368,0
DA:372,0
DA:376,0
DA:380,0
DA:384,0
DA:385,0
DA:389,0
DA:398,0
DA:399,0
DA:400,0
DA:401,0
DA:402,0
DA:403,0
DA:404,0
DA:406,0
DA:410,0
DA:411,0
DA:412,0
DA:413,0
DA:418,0
DA:419,0
DA:427,0
DA:428,0
DA:434,0
DA:435,0
DA:436,0
DA:437,0
DA:438,0
DA:441,0
DA:446,0
DA:447,0
DA:448,0
DA:449,0
DA:450,0
DA:453,0
DA:463,0
DA:467,0
DA:477,0
DA:478,0
DA:479,0
DA:480,0
DA:481,0
DA:482,0
DA:483,0
DA:484,0
DA:488,0
DA:489,0
DA:492,0
DA:495,0
DA:496,0
DA:500,0
DA:503,0
DA:508,0
DA:511,0
DA:512,0
DA:515,0
DA:516,0
DA:518,0
DA:519,0
DA:524,0
DA:528,0
DA:551,0
DA:579,0
DA:597,0
DA:604,0
DA:611,0
DA:618,0
DA:625,0
DA:629,0
DA:638,0
DA:645,0
DA:646,0
DA:654,0
DA:655,0
DA:663,0
DA:664,0
DA:671,0
DA:679,0
DA:680,0
DA:683,0
DA:687,0
DA:688,0
DA:689,0
LF:214
LH:0
BRDA:24,0,0,0
BRDA:24,0,1,0
BRDA:24,1,0,0
BRDA:24,1,1,0
BRDA:28,2,0,0
BRDA:28,2,1,0
BRDA:56,3,0,0
BRDA:56,3,1,0
BRDA:56,4,0,0
BRDA:56,4,1,0
BRDA:82,5,0,0
BRDA:82,5,1,0
BRDA:82,6,0,0
BRDA:82,6,1,0
BRDA:84,7,0,0
BRDA:84,7,1,0
BRDA:86,8,0,0
BRDA:86,8,1,0
BRDA:88,9,0,0
BRDA:88,9,1,0
BRDA:90,10,0,0
BRDA:90,10,1,0
BRDA:92,11,0,0
BRDA:92,11,1,0
BRDA:94,12,0,0
BRDA:94,12,1,0
BRDA:98,13,0,0
BRDA:98,13,1,0
BRDA:99,14,0,0
BRDA:99,14,1,0
BRDA:100,15,0,0
BRDA:100,15,1,0
BRDA:102,16,0,0
BRDA:102,16,1,0
BRDA:102,17,0,0
BRDA:102,17,1,0
BRDA:103,18,0,0
BRDA:103,18,1,0
BRDA:103,19,0,0
BRDA:103,19,1,0
BRDA:104,20,0,0
BRDA:104,20,1,0
BRDA:104,21,0,0
BRDA:104,21,1,0
BRDA:105,22,0,0
BRDA:105,22,1,0
BRDA:105,23,0,0
BRDA:105,23,1,0
BRDA:106,24,0,0
BRDA:106,24,1,0
BRDA:127,25,0,0
BRDA:127,25,1,0
BRDA:148,26,0,0
BRDA:148,26,1,0
BRDA:152,27,0,0
BRDA:152,27,1,0
BRDA:153,28,0,0
BRDA:153,28,1,0
BRDA:157,29,0,0
BRDA:157,29,1,0
BRDA:158,30,0,0
BRDA:158,30,1,0
BRDA:162,31,0,0
BRDA:162,31,1,0
BRDA:169,32,0,0
BRDA:175,33,0,0
BRDA:175,33,1,0
BRDA:175,34,0,0
BRDA:175,34,1,0
BRDA:189,35,0,0
BRDA:189,35,1,0
BRDA:227,36,0,0
BRDA:227,36,1,0
BRDA:228,37,0,0
BRDA:228,37,1,0
BRDA:237,38,0,0
BRDA:237,38,1,0
BRDA:238,39,0,0
BRDA:238,39,1,0
BRDA:241,40,0,0
BRDA:241,40,1,0
BRDA:271,41,0,0
BRDA:271,41,1,0
BRDA:285,42,0,0
BRDA:285,42,1,0
BRDA:287,43,0,0
BRDA:287,43,1,0
BRDA:299,44,0,0
BRDA:299,44,1,0
BRDA:323,45,0,0
BRDA:323,45,1,0
BRDA:324,46,0,0
BRDA:324,46,1,0
BRDA:324,47,0,0
BRDA:324,47,1,0
BRDA:325,48,0,0
BRDA:325,48,1,0
BRDA:333,49,0,0
BRDA:333,49,1,0
BRDA:333,50,0,0
BRDA:333,50,1,0
BRDA:334,51,0,0
BRDA:334,51,1,0
BRDA:335,52,0,0
BRDA:335,52,1,0
BRDA:343,53,0,0
BRDA:343,53,1,0
BRDA:343,54,0,0
BRDA:343,54,1,0
BRDA:344,55,0,0
BRDA:344,55,1,0
BRDA:352,56,0,0
BRDA:352,56,1,0
BRDA:353,57,0,0
BRDA:353,57,1,0
BRDA:398,58,0,0
BRDA:398,58,1,0
BRDA:400,59,0,0
BRDA:400,59,1,0
BRDA:412,60,0,0
BRDA:412,60,1,0
BRDA:427,61,0,0
BRDA:427,61,1,0
BRDA:436,62,0,0
BRDA:436,62,1,0
BRDA:436,63,0,0
BRDA:436,63,1,0
BRDA:449,64,0,0
BRDA:449,64,1,0
BRDA:487,65,0,0
BRDA:516,66,0,0
BRDA:516,66,1,0
BRDA:516,67,0,0
BRDA:516,67,1,0
BRDA:518,68,0,0
BRDA:518,68,1,0
BRDA:610,69,0,0
BRDA:645,70,0,0
BRDA:645,70,1,0
BRDA:654,71,0,0
BRDA:654,71,1,0
BRDA:663,72,0,0
BRDA:663,72,1,0
BRDA:679,73,0,0
BRDA:679,73,1,0
BRDA:688,74,0,0
BRDA:688,74,1,0
BRF:147
BRH:0
end_of_record
